FATAL [Thread-5] 2018-11-06 15:30:44,402 repast.simphony.ui.GUIScheduleRunner - RunTimeException when running the schedule
Current tick (1.0)
java.lang.RuntimeException: java.lang.reflect.InvocationTargetException
	at repast.simphony.engine.schedule.DynamicTargetAction.execute(DynamicTargetAction.java:72)
	at repast.simphony.engine.controller.ScheduledMethodControllerAction$ScheduleMethodAllAction.execute(ScheduledMethodControllerAction.java:333)
	at repast.simphony.engine.schedule.DefaultAction.execute(DefaultAction.java:38)
	at repast.simphony.engine.schedule.ScheduleGroup.executeList(ScheduleGroup.java:205)
	at repast.simphony.engine.schedule.ScheduleGroup.execute(ScheduleGroup.java:231)
	at repast.simphony.engine.schedule.Schedule.execute(Schedule.java:352)
	at repast.simphony.ui.GUIScheduleRunner$ScheduleLoopRunnable.run(GUIScheduleRunner.java:52)
	at java.lang.Thread.run(Thread.java:748)
Caused by: java.lang.reflect.InvocationTargetException
	at flock.agents.Predator$$FastClassByCGLIB$$11f6699a.invoke(<generated>)
	at net.sf.cglib.reflect.FastMethod.invoke(FastMethod.java:53)
	at repast.simphony.engine.schedule.DynamicTargetAction.execute(DynamicTargetAction.java:69)
	... 7 more
Caused by: repast.simphony.parameter.IllegalParameterException: Parameter 'trackPredators' not found in the schema.
	at repast.simphony.parameter.DefaultParameters.getValue(DefaultParameters.java:213)
	at repast.simphony.parameter.DefaultParameters.getBoolean(DefaultParameters.java:259)
	at flock.agents.Predator.updateTrack(Predator.java:103)
	... 10 more
INFO  [AWT-EventQueue-0] 2022-02-25 12:57:09,571 repast.simphony.batch.gui.BatchConfigMediator - Writing batch run config file to: D:\IsisLab\Repast\Flock\output\config.props
INFO  [AWT-EventQueue-0] 2022-02-25 12:57:09,667 repast.simphony.batch.gui.BatchConfigMediator - Unrolling batch parameter file:
	D:\IsisLab\Repast\Flock\batch\batch_params.xml to
	C:\Users\broth\AppData\Local\Temp\unrolledParamFile.txt
INFO  [SwingWorker-pool-2-thread-1] 2022-02-25 12:57:20,605 repast.simphony.batch.ssh.LocalSession - 
	Copying locally C:\Users\broth\AppData\Local\Temp\broth_localhost4014153811699523995.zip to 
C:\Users\broth\AppData\Local\Temp\simphony_model_1645790237890 ...
INFO  [SwingWorker-pool-2-thread-1] 2022-02-25 12:57:20,639 repast.simphony.batch.ssh.LocalSession - Copying Finished.
INFO  [SwingWorker-pool-2-thread-1] 2022-02-25 12:57:20,639 repast.simphony.batch.ssh.SessionsDriver - Initialization Time: 0,0458
INFO  [SwingWorker-pool-2-thread-1] 2022-02-25 12:57:20,640 repast.simphony.batch.ssh.LocalSession - Unzipping model C:\Users\broth\AppData\Local\Temp\simphony_model_1645790237890\broth_localhost4014153811699523995.zip
INFO  [SwingWorker-pool-2-thread-1] 2022-02-25 12:57:21,131 repast.simphony.batch.ssh.LocalSession - Running model on localhost ...
INFO  [Thread-0] 2022-02-25 12:57:31,385 repast.simphony.batch.ssh.LocalSession - WARNING: An illegal reflective access operation has occurred
INFO  [Thread-0] 2022-02-25 12:57:31,385 repast.simphony.batch.ssh.LocalSession - WARNING: Illegal reflective access by com.thoughtworks.xstream.core.util.Fields (file:/C:/Users/broth/AppData/Local/Temp/simphony_model_1645790237890/lib/xstream-1.4.7.jar) to field java.util.TreeMap.comparator
INFO  [Thread-0] 2022-02-25 12:57:31,386 repast.simphony.batch.ssh.LocalSession - WARNING: Please consider reporting this to the maintainers of com.thoughtworks.xstream.core.util.Fields
INFO  [Thread-0] 2022-02-25 12:57:31,386 repast.simphony.batch.ssh.LocalSession - WARNING: Use --illegal-access=warn to enable warnings of further illegal reflective access operations
INFO  [Thread-0] 2022-02-25 12:57:31,386 repast.simphony.batch.ssh.LocalSession - WARNING: All illegal access operations will be denied in a future release
INFO  [Thread-0] 2022-02-25 12:57:31,390 repast.simphony.batch.ssh.LocalSession - WARNING: An illegal reflective access operation has occurred
INFO  [Thread-0] 2022-02-25 12:57:31,391 repast.simphony.batch.ssh.LocalSession - WARNING: Illegal reflective access by com.thoughtworks.xstream.core.util.Fields (file:/C:/Users/broth/AppData/Local/Temp/simphony_model_1645790237890/lib/xstream-1.4.7.jar) to field java.util.TreeMap.comparator
INFO  [Thread-0] 2022-02-25 12:57:31,391 repast.simphony.batch.ssh.LocalSession - WARNING: Please consider reporting this to the maintainers of com.thoughtworks.xstream.core.util.Fields
INFO  [Thread-0] 2022-02-25 12:57:31,391 repast.simphony.batch.ssh.LocalSession - WARNING: Use --illegal-access=warn to enable warnings of further illegal reflective access operations
INFO  [Thread-0] 2022-02-25 12:57:31,391 repast.simphony.batch.ssh.LocalSession - WARNING: All illegal access operations will be denied in a future release
INFO  [pool-3-thread-1] 2022-02-25 12:58:21,145 repast.simphony.batch.ssh.LocalDonePoller - Polled C:\Users\broth\AppData\Local\Temp\simphony_model_1645790237890 for DONE:  no
INFO  [AWT-EventQueue-0] 2022-02-28 12:29:53,951 repast.simphony.batch.gui.BatchConfigMediator - Writing batch run config file to: D:\IsisLab\Repast\Flock\output\config.props
INFO  [AWT-EventQueue-0] 2022-02-28 12:29:54,201 repast.simphony.batch.gui.BatchConfigMediator - Unrolling batch parameter file:
	D:\IsisLab\Repast\Flock\batch\batch_params.xml to
	C:\Users\broth\AppData\Local\Temp\unrolledParamFile.txt
INFO  [SwingWorker-pool-2-thread-1] 2022-02-28 12:30:08,678 repast.simphony.batch.ssh.RemoteSession - 
	Copying C:\Users\broth\AppData\Local\Temp\isis_193.205.161.5:51222800933523002292394.zip to 
	isis@193.205.161.5:5122:~/simphony_model_1646047805332/isis_193.205.161.5:51222800933523002292394.zip ...
ERROR [SwingWorker-pool-2-thread-1] 2022-02-28 12:30:08,741 repast.simphony.batch.ssh.SessionsDriver - Error while creating connection to isis@193.205.161.5:5122
com.jcraft.jsch.JSchException: java.net.UnknownHostException: 193.205.161.5:5122
	at com.jcraft.jsch.Util.createSocket(Util.java:341)
	at com.jcraft.jsch.Session.connect(Session.java:194)
	at com.jcraft.jsch.Session.connect(Session.java:162)
	at repast.simphony.batch.ssh.SSHSessionFactory.create(SSHSessionFactory.java:75)
	at repast.simphony.batch.ssh.RemoteSession.copyFile(RemoteSession.java:141)
	at repast.simphony.batch.ssh.RemoteSession.initModelArchive(RemoteSession.java:134)
	at repast.simphony.batch.ssh.SessionsDriver.run(SessionsDriver.java:58)
	at repast.simphony.batch.gui.BatchConfigMediator$AntSessionRunner.doInBackground(BatchConfigMediator.java:481)
	at repast.simphony.batch.gui.BatchConfigMediator$AntSessionRunner.doInBackground(BatchConfigMediator.java:1)
	at java.desktop/javax.swing.SwingWorker$1.call(SwingWorker.java:304)
	at java.base/java.util.concurrent.FutureTask.run(FutureTask.java:264)
	at java.desktop/javax.swing.SwingWorker.run(SwingWorker.java:343)
	at java.base/java.util.concurrent.ThreadPoolExecutor.runWorker(ThreadPoolExecutor.java:1128)
	at java.base/java.util.concurrent.ThreadPoolExecutor$Worker.run(ThreadPoolExecutor.java:628)
	at java.base/java.lang.Thread.run(Thread.java:834)
Caused by: java.net.UnknownHostException: 193.205.161.5:5122
	at java.base/java.net.AbstractPlainSocketImpl.connect(AbstractPlainSocketImpl.java:220)
	at java.base/java.net.SocksSocketImpl.connect(SocksSocketImpl.java:403)
	at java.base/java.net.Socket.connect(Socket.java:609)
	at java.base/java.net.Socket.connect(Socket.java:558)
	at java.base/java.net.Socket.<init>(Socket.java:454)
	at java.base/java.net.Socket.<init>(Socket.java:231)
	at com.jcraft.jsch.Util.createSocket(Util.java:335)
	... 14 more
INFO  [AWT-EventQueue-0] 2022-02-28 12:40:35,182 repast.simphony.batch.gui.BatchConfigMediator - Writing batch run config file to: D:\IsisLab\Repast\Flock\output\config.props
INFO  [AWT-EventQueue-0] 2022-02-28 12:40:35,187 repast.simphony.batch.gui.BatchConfigMediator - Unrolling batch parameter file:
	D:\IsisLab\Repast\Flock\batch\batch_params.xml to
	C:\Users\broth\AppData\Local\Temp\unrolledParamFile.txt
INFO  [SwingWorker-pool-2-thread-2] 2022-02-28 12:40:45,922 repast.simphony.batch.ssh.RemoteSession - 
	Copying C:\Users\broth\AppData\Local\Temp\isis_193.205.161.514819546702109168893.zip to 
	isis@193.205.161.5:~/simphony_model_1646048442444/isis_193.205.161.514819546702109168893.zip ...
WARN  [SwingWorker-pool-2-thread-2] 2022-02-28 12:40:54,899 repast.simphony.batch.ssh.SSHSessionFactory - Permanently added '193.205.161.5' (RSA) to the list of known hosts.
WARN  [SwingWorker-pool-2-thread-2] 2022-02-28 12:40:54,899 repast.simphony.batch.ssh.SSHSessionFactory - Permanently added '193.205.161.5' (RSA) to the list of known hosts.
ERROR [SwingWorker-pool-2-thread-2] 2022-02-28 12:40:55,634 repast.simphony.batch.ssh.SessionsDriver - Error while creating connection to isis@193.205.161.5
com.jcraft.jsch.JSchException: Auth cancel
	at com.jcraft.jsch.Session.connect(Session.java:483)
	at com.jcraft.jsch.Session.connect(Session.java:162)
	at repast.simphony.batch.ssh.SSHSessionFactory.create(SSHSessionFactory.java:75)
	at repast.simphony.batch.ssh.RemoteSession.copyFile(RemoteSession.java:141)
	at repast.simphony.batch.ssh.RemoteSession.initModelArchive(RemoteSession.java:134)
	at repast.simphony.batch.ssh.SessionsDriver.run(SessionsDriver.java:58)
	at repast.simphony.batch.gui.BatchConfigMediator$AntSessionRunner.doInBackground(BatchConfigMediator.java:481)
	at repast.simphony.batch.gui.BatchConfigMediator$AntSessionRunner.doInBackground(BatchConfigMediator.java:1)
	at java.desktop/javax.swing.SwingWorker$1.call(SwingWorker.java:304)
	at java.base/java.util.concurrent.FutureTask.run(FutureTask.java:264)
	at java.desktop/javax.swing.SwingWorker.run(SwingWorker.java:343)
	at java.base/java.util.concurrent.ThreadPoolExecutor.runWorker(ThreadPoolExecutor.java:1128)
	at java.base/java.util.concurrent.ThreadPoolExecutor$Worker.run(ThreadPoolExecutor.java:628)
	at java.base/java.lang.Thread.run(Thread.java:834)
INFO  [AWT-EventQueue-0] 2022-02-28 12:41:52,078 repast.simphony.batch.gui.BatchConfigMediator - Writing batch run config file to: D:\IsisLab\Repast\Flock\output\config.props
INFO  [AWT-EventQueue-0] 2022-02-28 12:41:52,086 repast.simphony.batch.gui.BatchConfigMediator - Unrolling batch parameter file:
	D:\IsisLab\Repast\Flock\batch\batch_params.xml to
	C:\Users\broth\AppData\Local\Temp\unrolledParamFile.txt
INFO  [SwingWorker-pool-2-thread-3] 2022-02-28 12:42:01,981 repast.simphony.batch.ssh.RemoteSession - 
	Copying C:\Users\broth\AppData\Local\Temp\-p 5122 isis_193.205.161.53194829929322054439.zip to 
	-p 5122 isis@193.205.161.5:~/simphony_model_1646048518785/-p 5122 isis_193.205.161.53194829929322054439.zip ...
ERROR [SwingWorker-pool-2-thread-3] 2022-02-28 12:42:02,853 repast.simphony.batch.ssh.SessionsDriver - Error while creating connection to -p 5122 isis@193.205.161.5
com.jcraft.jsch.JSchException: Auth cancel
	at com.jcraft.jsch.Session.connect(Session.java:483)
	at com.jcraft.jsch.Session.connect(Session.java:162)
	at repast.simphony.batch.ssh.SSHSessionFactory.create(SSHSessionFactory.java:75)
	at repast.simphony.batch.ssh.RemoteSession.copyFile(RemoteSession.java:141)
	at repast.simphony.batch.ssh.RemoteSession.initModelArchive(RemoteSession.java:134)
	at repast.simphony.batch.ssh.SessionsDriver.run(SessionsDriver.java:58)
	at repast.simphony.batch.gui.BatchConfigMediator$AntSessionRunner.doInBackground(BatchConfigMediator.java:481)
	at repast.simphony.batch.gui.BatchConfigMediator$AntSessionRunner.doInBackground(BatchConfigMediator.java:1)
	at java.desktop/javax.swing.SwingWorker$1.call(SwingWorker.java:304)
	at java.base/java.util.concurrent.FutureTask.run(FutureTask.java:264)
	at java.desktop/javax.swing.SwingWorker.run(SwingWorker.java:343)
	at java.base/java.util.concurrent.ThreadPoolExecutor.runWorker(ThreadPoolExecutor.java:1128)
	at java.base/java.util.concurrent.ThreadPoolExecutor$Worker.run(ThreadPoolExecutor.java:628)
	at java.base/java.lang.Thread.run(Thread.java:834)
INFO  [AWT-EventQueue-0] 2022-02-28 12:47:02,438 repast.simphony.batch.gui.BatchConfigMediator - Writing batch run config file to: D:\IsisLab\Repast\Flock\output\config.props
INFO  [AWT-EventQueue-0] 2022-02-28 12:47:02,442 repast.simphony.batch.gui.BatchConfigMediator - Unrolling batch parameter file:
	D:\IsisLab\Repast\Flock\batch\batch_params.xml to
	C:\Users\broth\AppData\Local\Temp\unrolledParamFile.txt
INFO  [AWT-EventQueue-0] 2022-02-28 12:47:03,333 repast.simphony.batch.gui.BatchConfigMediator - Writing batch run config file to: D:\IsisLab\Repast\Flock\output\config.props
INFO  [AWT-EventQueue-0] 2022-02-28 12:47:03,335 repast.simphony.batch.gui.BatchConfigMediator - Unrolling batch parameter file:
	D:\IsisLab\Repast\Flock\batch\batch_params.xml to
	C:\Users\broth\AppData\Local\Temp\unrolledParamFile.txt
INFO  [SwingWorker-pool-2-thread-5] 2022-02-28 12:47:13,647 repast.simphony.batch.ssh.RemoteSession - 
	Copying C:\Users\broth\AppData\Local\Temp\isis_193.205.161.516815656290099819615.zip to 
	isis@193.205.161.5:~/simphony_model_1646048830035/isis_193.205.161.516815656290099819615.zip ...
ERROR [SwingWorker-pool-2-thread-5] 2022-02-28 12:47:14,539 repast.simphony.batch.ssh.SessionsDriver - Error while creating connection to isis@193.205.161.5
com.jcraft.jsch.JSchException: Auth cancel
	at com.jcraft.jsch.Session.connect(Session.java:483)
	at com.jcraft.jsch.Session.connect(Session.java:162)
	at repast.simphony.batch.ssh.SSHSessionFactory.create(SSHSessionFactory.java:75)
	at repast.simphony.batch.ssh.RemoteSession.copyFile(RemoteSession.java:141)
	at repast.simphony.batch.ssh.RemoteSession.initModelArchive(RemoteSession.java:134)
	at repast.simphony.batch.ssh.SessionsDriver.run(SessionsDriver.java:58)
	at repast.simphony.batch.gui.BatchConfigMediator$AntSessionRunner.doInBackground(BatchConfigMediator.java:481)
	at repast.simphony.batch.gui.BatchConfigMediator$AntSessionRunner.doInBackground(BatchConfigMediator.java:1)
	at java.desktop/javax.swing.SwingWorker$1.call(SwingWorker.java:304)
	at java.base/java.util.concurrent.FutureTask.run(FutureTask.java:264)
	at java.desktop/javax.swing.SwingWorker.run(SwingWorker.java:343)
	at java.base/java.util.concurrent.ThreadPoolExecutor.runWorker(ThreadPoolExecutor.java:1128)
	at java.base/java.util.concurrent.ThreadPoolExecutor$Worker.run(ThreadPoolExecutor.java:628)
	at java.base/java.lang.Thread.run(Thread.java:834)
FATAL [Thread-2] 2022-03-03 09:44:28,980 repast.simphony.ui.GUIScheduleRunner - RunTimeException when running the schedule
Current tick (0.0)
java.lang.RuntimeException: java.lang.reflect.InvocationTargetException
	at repast.simphony.engine.schedule.DynamicTargetAction.execute(DynamicTargetAction.java:72)
	at repast.simphony.engine.controller.ScheduledMethodControllerAction$ScheduleMethodAllAction.execute(ScheduledMethodControllerAction.java:336)
	at repast.simphony.engine.schedule.DefaultAction.execute(DefaultAction.java:38)
	at repast.simphony.engine.schedule.ScheduleGroup.executeList(ScheduleGroup.java:205)
	at repast.simphony.engine.schedule.ScheduleGroup.execute(ScheduleGroup.java:231)
	at repast.simphony.engine.schedule.Schedule.execute(Schedule.java:352)
	at repast.simphony.ui.GUIScheduleRunner$ScheduleLoopRunnable.run(GUIScheduleRunner.java:52)
	at java.base/java.lang.Thread.run(Thread.java:834)
Caused by: java.lang.reflect.InvocationTargetException
	at flock.agents.Prey$$FastClassByCGLIB$$44035259.invoke(<generated>)
	at net.sf.cglib.reflect.FastMethod.invoke(FastMethod.java:53)
	at repast.simphony.engine.schedule.DynamicTargetAction.execute(DynamicTargetAction.java:69)
	... 7 more
Caused by: java.lang.ArrayIndexOutOfBoundsException: Index 2 out of bounds for length 2
	at repast.simphony.space.continuous.NdPoint.getZ(NdPoint.java:53)
	at flock.agents.Prey.init(Prey.java:59)
	... 10 more
FATAL [Thread-2] 2022-03-03 10:58:30,370 repast.simphony.ui.GUIScheduleRunner - RunTimeException when running the schedule
Current tick (0.0)
java.lang.RuntimeException: java.lang.reflect.InvocationTargetException
	at repast.simphony.engine.schedule.DynamicTargetAction.execute(DynamicTargetAction.java:72)
	at repast.simphony.engine.controller.ScheduledMethodControllerAction$ScheduleMethodAllAction.execute(ScheduledMethodControllerAction.java:336)
	at repast.simphony.engine.schedule.DefaultAction.execute(DefaultAction.java:38)
	at repast.simphony.engine.schedule.ScheduleGroup.executeList(ScheduleGroup.java:205)
	at repast.simphony.engine.schedule.ScheduleGroup.execute(ScheduleGroup.java:231)
	at repast.simphony.engine.schedule.Schedule.execute(Schedule.java:352)
	at repast.simphony.ui.GUIScheduleRunner$ScheduleLoopRunnable.run(GUIScheduleRunner.java:52)
	at java.base/java.lang.Thread.run(Thread.java:834)
Caused by: java.lang.reflect.InvocationTargetException
	at flock.agents.Prey$$FastClassByCGLIB$$44035259.invoke(<generated>)
	at net.sf.cglib.reflect.FastMethod.invoke(FastMethod.java:53)
	at repast.simphony.engine.schedule.DynamicTargetAction.execute(DynamicTargetAction.java:69)
	... 7 more
Caused by: java.lang.ArrayIndexOutOfBoundsException: Index 2 out of bounds for length 2
	at repast.simphony.space.continuous.NdPoint.getZ(NdPoint.java:53)
	at flock.agents.Prey.init(Prey.java:59)
	... 10 more
WARN  [AWT-EventQueue-0] 2022-03-03 11:33:12,257 repast.simphony.space.Dimensions - 0 metaData=[Under normal circumstances, a dimension value should not be set to a value of zero or less.]
WARN  [AWT-EventQueue-0] 2022-03-03 11:36:00,409 repast.simphony.space.Dimensions - 0 metaData=[Under normal circumstances, a dimension value should not be set to a value of zero or less.]
ERROR [AWT-EventQueue-0] 2022-03-03 11:36:00,497 repast.simphony.visualization.engine.DisplayComponentControllerAction - Error while creating displays
org.jogamp.java3d.BadTransformException: TransformGroup: non-affine transform
	at org.jogamp.java3d.TransformGroup.setTransform(TransformGroup.java:133)
	at repast.simphony.visualization.visualization3D.Transformer.apply(Transformer.java:65)
	at repast.simphony.visualization.visualization3D.VisualItem3D.applyTransform(VisualItem3D.java:200)
	at repast.simphony.visualization.visualization3D.AbstractDisplayLayer3D.applyUpdates(AbstractDisplayLayer3D.java:117)
	at repast.simphony.visualization.visualization3D.Display3D.init(Display3D.java:313)
	at repast.simphony.visualization.engine.DisplayComponentControllerAction.runInitialize(DisplayComponentControllerAction.java:117)
	at repast.simphony.engine.controller.DefaultController$2.visit(DefaultController.java:214)
	at repast.simphony.engine.controller.DefaultController$2.visit(DefaultController.java:1)
	at repast.simphony.util.collections.NaryTree.preOrderTraverals(NaryTree.java:292)
	at repast.simphony.util.collections.NaryTree.preOrderTraverals(NaryTree.java:295)
	at repast.simphony.util.collections.NaryTree.preOrderTraverals(NaryTree.java:295)
	at repast.simphony.util.collections.NaryTree.preOrderTraversal(NaryTree.java:288)
	at repast.simphony.engine.controller.DefaultController.runInitialize(DefaultController.java:212)
	at repast.simphony.engine.controller.DefaultController.runInitialize(DefaultController.java:383)
	at repast.simphony.ui.RSApplication.initSim(RSApplication.java:157)
	at repast.simphony.ui.RSApplication.start(RSApplication.java:189)
	at repast.simphony.ui.action.StartRun.actionPerformed(StartRun.java:17)
	at java.desktop/javax.swing.AbstractButton.fireActionPerformed(AbstractButton.java:1967)
	at java.desktop/javax.swing.AbstractButton$Handler.actionPerformed(AbstractButton.java:2308)
	at java.desktop/javax.swing.DefaultButtonModel.fireActionPerformed(DefaultButtonModel.java:405)
	at java.desktop/javax.swing.DefaultButtonModel.setPressed(DefaultButtonModel.java:262)
	at java.desktop/javax.swing.plaf.basic.BasicButtonListener.mouseReleased(BasicButtonListener.java:279)
	at java.desktop/java.awt.AWTEventMulticaster.mouseReleased(AWTEventMulticaster.java:297)
	at java.desktop/java.awt.Component.processMouseEvent(Component.java:6635)
	at java.desktop/javax.swing.JComponent.processMouseEvent(JComponent.java:3342)
	at java.desktop/java.awt.Component.processEvent(Component.java:6400)
	at java.desktop/java.awt.Container.processEvent(Container.java:2263)
	at java.desktop/java.awt.Component.dispatchEventImpl(Component.java:5011)
	at java.desktop/java.awt.Container.dispatchEventImpl(Container.java:2321)
	at java.desktop/java.awt.Component.dispatchEvent(Component.java:4843)
	at java.desktop/java.awt.LightweightDispatcher.retargetMouseEvent(Container.java:4918)
	at java.desktop/java.awt.LightweightDispatcher.processMouseEvent(Container.java:4547)
	at java.desktop/java.awt.LightweightDispatcher.dispatchEvent(Container.java:4488)
	at java.desktop/java.awt.Container.dispatchEventImpl(Container.java:2307)
	at java.desktop/java.awt.Window.dispatchEventImpl(Window.java:2772)
	at java.desktop/java.awt.Component.dispatchEvent(Component.java:4843)
	at java.desktop/java.awt.EventQueue.dispatchEventImpl(EventQueue.java:772)
	at java.desktop/java.awt.EventQueue$4.run(EventQueue.java:721)
	at java.desktop/java.awt.EventQueue$4.run(EventQueue.java:715)
	at java.base/java.security.AccessController.doPrivileged(Native Method)
	at java.base/java.security.ProtectionDomain$JavaSecurityAccessImpl.doIntersectionPrivilege(ProtectionDomain.java:85)
	at java.base/java.security.ProtectionDomain$JavaSecurityAccessImpl.doIntersectionPrivilege(ProtectionDomain.java:95)
	at java.desktop/java.awt.EventQueue$5.run(EventQueue.java:745)
	at java.desktop/java.awt.EventQueue$5.run(EventQueue.java:743)
	at java.base/java.security.AccessController.doPrivileged(Native Method)
	at java.base/java.security.ProtectionDomain$JavaSecurityAccessImpl.doIntersectionPrivilege(ProtectionDomain.java:85)
	at java.desktop/java.awt.EventQueue.dispatchEvent(EventQueue.java:742)
	at java.desktop/java.awt.EventDispatchThread.pumpOneEventForFilters(EventDispatchThread.java:203)
	at java.desktop/java.awt.EventDispatchThread.pumpEventsForFilter(EventDispatchThread.java:124)
	at java.desktop/java.awt.EventDispatchThread.pumpEventsForHierarchy(EventDispatchThread.java:113)
	at java.desktop/java.awt.EventDispatchThread.pumpEvents(EventDispatchThread.java:109)
	at java.desktop/java.awt.EventDispatchThread.pumpEvents(EventDispatchThread.java:101)
	at java.desktop/java.awt.EventDispatchThread.run(EventDispatchThread.java:90)
INFO  [AWT-EventQueue-0] 2022-03-03 12:18:55,135 repast.simphony.batch.gui.BatchConfigMediator - Writing batch run config file to: D:\IsisLab\Repast\Flock\output\config.props
INFO  [AWT-EventQueue-0] 2022-03-03 12:18:55,196 repast.simphony.batch.gui.BatchConfigMediator - Unrolling batch parameter file:
	D:\IsisLab\Repast\Flock\batch\batch_params.xml to
	C:\Users\broth\AppData\Local\Temp\unrolledParamFile.txt
INFO  [SwingWorker-pool-2-thread-1] 2022-03-03 12:19:03,772 repast.simphony.batch.ssh.LocalSession - 
	Copying locally C:\Users\broth\AppData\Local\Temp\broth_localhost1277609187148807806.zip to 
C:\Users\broth\AppData\Local\Temp\simphony_model_1646306340934 ...
INFO  [SwingWorker-pool-2-thread-1] 2022-03-03 12:19:03,806 repast.simphony.batch.ssh.LocalSession - Copying Finished.
INFO  [SwingWorker-pool-2-thread-1] 2022-03-03 12:19:03,807 repast.simphony.batch.ssh.SessionsDriver - Initialization Time: 0,0479
INFO  [SwingWorker-pool-2-thread-1] 2022-03-03 12:19:03,807 repast.simphony.batch.ssh.LocalSession - Unzipping model C:\Users\broth\AppData\Local\Temp\simphony_model_1646306340934\broth_localhost1277609187148807806.zip
INFO  [SwingWorker-pool-2-thread-1] 2022-03-03 12:19:04,421 repast.simphony.batch.ssh.LocalSession - Running model on localhost ...
INFO  [Thread-0] 2022-03-03 12:19:13,360 repast.simphony.batch.ssh.LocalSession - WARNING: An illegal reflective access operation has occurred
INFO  [Thread-0] 2022-03-03 12:19:13,361 repast.simphony.batch.ssh.LocalSession - WARNING: Illegal reflective access by com.thoughtworks.xstream.core.util.Fields (file:/C:/Users/broth/AppData/Local/Temp/simphony_model_1646306340934/lib/xstream-1.4.7.jar) to field java.util.TreeMap.comparator
INFO  [Thread-0] 2022-03-03 12:19:13,361 repast.simphony.batch.ssh.LocalSession - WARNING: Please consider reporting this to the maintainers of com.thoughtworks.xstream.core.util.Fields
INFO  [Thread-0] 2022-03-03 12:19:13,361 repast.simphony.batch.ssh.LocalSession - WARNING: Use --illegal-access=warn to enable warnings of further illegal reflective access operations
INFO  [Thread-0] 2022-03-03 12:19:13,361 repast.simphony.batch.ssh.LocalSession - WARNING: All illegal access operations will be denied in a future release
INFO  [pool-3-thread-1] 2022-03-03 12:20:04,429 repast.simphony.batch.ssh.LocalDonePoller - Polled C:\Users\broth\AppData\Local\Temp\simphony_model_1646306340934 for DONE:  yes
INFO  [SwingWorker-pool-2-thread-1] 2022-03-03 12:20:04,429 repast.simphony.batch.ssh.SessionsDriver - Run Time: 1,0104
INFO  [SwingWorker-pool-2-thread-1] 2022-03-03 12:20:04,437 repast.simphony.batch.ssh.LocalSession - Finding output on localhost in C:\Users\broth\AppData\Local\Temp\simphony_model_1646306340934
INFO  [SwingWorker-pool-2-thread-1] 2022-03-03 12:20:04,442 repast.simphony.batch.ssh.SessionsDriver - Aggregating output into D:/IsisLab/Repast/Flock/output
INFO  [SwingWorker-pool-2-thread-1] 2022-03-03 12:20:04,442 repast.simphony.batch.ssh.SessionsDriver - Get Output Time: 0,0002
INFO  [SwingWorker-pool-2-thread-1] 2022-03-03 12:20:04,442 repast.simphony.batch.ssh.SessionsDriver - Finished. Elapsed Time: 1,0587
INFO  [AWT-EventQueue-0] 2022-03-03 12:30:20,987 repast.simphony.batch.gui.BatchConfigMediator - Writing batch run config file to: D:\IsisLab\Repast\Flock\output\config.props
INFO  [AWT-EventQueue-0] 2022-03-03 12:30:20,992 repast.simphony.batch.gui.BatchConfigMediator - Unrolling batch parameter file:
	D:\IsisLab\Repast\Flock\batch\batch_params.xml to
	C:\Users\broth\AppData\Local\Temp\unrolledParamFile.txt
INFO  [SwingWorker-pool-2-thread-2] 2022-03-03 12:30:30,758 repast.simphony.batch.ssh.LocalSession - 
	Copying locally C:\Users\broth\AppData\Local\Temp\broth_localhost9840493701284228145.zip to 
C:\Users\broth\AppData\Local\Temp\simphony_model_1646307027167 ...
INFO  [SwingWorker-pool-2-thread-2] 2022-03-03 12:30:30,825 repast.simphony.batch.ssh.LocalSession - Copying Finished.
INFO  [SwingWorker-pool-2-thread-2] 2022-03-03 12:30:30,826 repast.simphony.batch.ssh.SessionsDriver - Initialization Time: 0,0610
INFO  [SwingWorker-pool-2-thread-2] 2022-03-03 12:30:30,826 repast.simphony.batch.ssh.LocalSession - Unzipping model C:\Users\broth\AppData\Local\Temp\simphony_model_1646307027167\broth_localhost9840493701284228145.zip
INFO  [SwingWorker-pool-2-thread-2] 2022-03-03 12:30:31,617 repast.simphony.batch.ssh.LocalSession - Running model on localhost ...
INFO  [Thread-1] 2022-03-03 12:30:43,636 repast.simphony.batch.ssh.LocalSession - WARNING: An illegal reflective access operation has occurred
INFO  [Thread-1] 2022-03-03 12:30:43,636 repast.simphony.batch.ssh.LocalSession - WARNING: Illegal reflective access by com.thoughtworks.xstream.core.util.Fields (file:/C:/Users/broth/AppData/Local/Temp/simphony_model_1646307027167/lib/xstream-1.4.7.jar) to field java.util.TreeMap.comparator
INFO  [Thread-1] 2022-03-03 12:30:43,636 repast.simphony.batch.ssh.LocalSession - WARNING: Please consider reporting this to the maintainers of com.thoughtworks.xstream.core.util.Fields
INFO  [Thread-1] 2022-03-03 12:30:43,636 repast.simphony.batch.ssh.LocalSession - WARNING: Use --illegal-access=warn to enable warnings of further illegal reflective access operations
INFO  [Thread-1] 2022-03-03 12:30:43,636 repast.simphony.batch.ssh.LocalSession - WARNING: All illegal access operations will be denied in a future release
INFO  [pool-4-thread-1] 2022-03-03 12:31:01,627 repast.simphony.batch.ssh.LocalDonePoller - Polled C:\Users\broth\AppData\Local\Temp\simphony_model_1646307027167 for DONE:  yes
INFO  [SwingWorker-pool-2-thread-2] 2022-03-03 12:31:01,629 repast.simphony.batch.ssh.SessionsDriver - Run Time: 0,5134
INFO  [SwingWorker-pool-2-thread-2] 2022-03-03 12:31:01,630 repast.simphony.batch.ssh.LocalSession - Finding output on localhost in C:\Users\broth\AppData\Local\Temp\simphony_model_1646307027167
INFO  [SwingWorker-pool-2-thread-2] 2022-03-03 12:31:01,630 repast.simphony.batch.ssh.SessionsDriver - Aggregating output into D:/IsisLab/Repast/Flock/output
INFO  [SwingWorker-pool-2-thread-2] 2022-03-03 12:31:01,631 repast.simphony.batch.ssh.SessionsDriver - Get Output Time: 0,0000
INFO  [SwingWorker-pool-2-thread-2] 2022-03-03 12:31:01,631 repast.simphony.batch.ssh.SessionsDriver - Finished. Elapsed Time: 0,5748
