2018-07-12 23:56:22,583 - SimpleLog4JLogSystem initialized using logfile 'velocity.log'
2018-07-12 23:56:22,584 - ************************************************************** 
2018-07-12 23:56:22,584 - Starting Jakarta Velocity v1.4
2018-07-12 23:56:22,584 - RuntimeInstance initializing.
2018-07-12 23:56:22,584 - Default Properties File: org\apache\velocity\runtime\defaults\velocity.properties
2018-07-12 23:56:22,584 - Trying to use logger class org.apache.velocity.runtime.log.SimpleLog4JLogSystem
2018-07-12 23:56:22,584 - Using logger class org.apache.velocity.runtime.log.SimpleLog4JLogSystem
2018-07-12 23:56:22,586 - Default ResourceManager initializing. (class org.apache.velocity.runtime.resource.ResourceManagerImpl)
2018-07-12 23:56:22,588 - Resource Loader Instantiated: org.apache.velocity.runtime.resource.loader.ClasspathResourceLoader
2018-07-12 23:56:22,588 - ClasspathResourceLoader : initialization starting.
2018-07-12 23:56:22,588 - ClasspathResourceLoader : initialization complete.
2018-07-12 23:56:22,589 - ResourceCache : initialized. (class org.apache.velocity.runtime.resource.ResourceCacheImpl)
2018-07-12 23:56:22,589 - Default ResourceManager initialization complete.
2018-07-12 23:56:22,590 - Loaded System Directive: org.apache.velocity.runtime.directive.Literal
2018-07-12 23:56:22,590 - Loaded System Directive: org.apache.velocity.runtime.directive.Macro
2018-07-12 23:56:22,591 - Loaded System Directive: org.apache.velocity.runtime.directive.Parse
2018-07-12 23:56:22,592 - Loaded System Directive: org.apache.velocity.runtime.directive.Include
2018-07-12 23:56:22,593 - Loaded System Directive: org.apache.velocity.runtime.directive.Foreach
2018-07-12 23:56:22,610 - Created: 20 parsers.
2018-07-12 23:56:22,613 - Velocimacro : initialization starting.
2018-07-12 23:56:22,613 - Velocimacro : adding VMs from VM library template : VM_global_library.vm
2018-07-12 23:56:22,615 - ResourceManager : unable to find resource 'VM_global_library.vm' in any resource loader.
2018-07-12 23:56:22,615 - Velocimacro : error using  VM library template VM_global_library.vm : org.apache.velocity.exception.ResourceNotFoundException: Unable to find resource 'VM_global_library.vm'
2018-07-12 23:56:22,615 - Velocimacro :  VM library template macro registration complete.
2018-07-12 23:56:22,615 - Velocimacro : allowInline = true : VMs can be defined inline in templates
2018-07-12 23:56:22,615 - Velocimacro : allowInlineToOverride = false : VMs defined inline may NOT replace previous VM definitions
2018-07-12 23:56:22,615 - Velocimacro : allowInlineLocal = false : VMs defined inline will be  global in scope if allowed.
2018-07-12 23:56:22,615 - Velocimacro : messages on  : VM system will output logging messages
2018-07-12 23:56:22,615 - Velocimacro : autoload off  : VM system will not automatically reload global library macros
2018-07-12 23:56:22,615 - Velocimacro : initialization complete.
2018-07-12 23:56:22,615 - Velocity successfully started.
2018-09-09 13:26:22,079 - SimpleLog4JLogSystem initialized using logfile 'velocity.log'
2018-09-09 13:26:22,080 - ************************************************************** 
2018-09-09 13:26:22,080 - Starting Jakarta Velocity v1.4
2018-09-09 13:26:22,080 - RuntimeInstance initializing.
2018-09-09 13:26:22,080 - Default Properties File: org\apache\velocity\runtime\defaults\velocity.properties
2018-09-09 13:26:22,080 - Trying to use logger class org.apache.velocity.runtime.log.SimpleLog4JLogSystem
2018-09-09 13:26:22,080 - Using logger class org.apache.velocity.runtime.log.SimpleLog4JLogSystem
2018-09-09 13:26:22,082 - Default ResourceManager initializing. (class org.apache.velocity.runtime.resource.ResourceManagerImpl)
2018-09-09 13:26:22,082 - Resource Loader Instantiated: org.apache.velocity.runtime.resource.loader.ClasspathResourceLoader
2018-09-09 13:26:22,083 - ClasspathResourceLoader : initialization starting.
2018-09-09 13:26:22,083 - ClasspathResourceLoader : initialization complete.
2018-09-09 13:26:22,083 - ResourceCache : initialized. (class org.apache.velocity.runtime.resource.ResourceCacheImpl)
2018-09-09 13:26:22,083 - Default ResourceManager initialization complete.
2018-09-09 13:26:22,084 - Loaded System Directive: org.apache.velocity.runtime.directive.Literal
2018-09-09 13:26:22,085 - Loaded System Directive: org.apache.velocity.runtime.directive.Macro
2018-09-09 13:26:22,086 - Loaded System Directive: org.apache.velocity.runtime.directive.Parse
2018-09-09 13:26:22,086 - Loaded System Directive: org.apache.velocity.runtime.directive.Include
2018-09-09 13:26:22,087 - Loaded System Directive: org.apache.velocity.runtime.directive.Foreach
2018-09-09 13:26:22,102 - Created: 20 parsers.
2018-09-09 13:26:22,104 - Velocimacro : initialization starting.
2018-09-09 13:26:22,104 - Velocimacro : adding VMs from VM library template : VM_global_library.vm
2018-09-09 13:26:22,106 - ResourceManager : unable to find resource 'VM_global_library.vm' in any resource loader.
2018-09-09 13:26:22,106 - Velocimacro : error using  VM library template VM_global_library.vm : org.apache.velocity.exception.ResourceNotFoundException: Unable to find resource 'VM_global_library.vm'
2018-09-09 13:26:22,106 - Velocimacro :  VM library template macro registration complete.
2018-09-09 13:26:22,106 - Velocimacro : allowInline = true : VMs can be defined inline in templates
2018-09-09 13:26:22,106 - Velocimacro : allowInlineToOverride = false : VMs defined inline may NOT replace previous VM definitions
2018-09-09 13:26:22,106 - Velocimacro : allowInlineLocal = false : VMs defined inline will be  global in scope if allowed.
2018-09-09 13:26:22,106 - Velocimacro : messages on  : VM system will output logging messages
2018-09-09 13:26:22,106 - Velocimacro : autoload off  : VM system will not automatically reload global library macros
2018-09-09 13:26:22,106 - Velocimacro : initialization complete.
2018-09-09 13:26:22,106 - Velocity successfully started.
2018-11-06 15:30:26,033 - SimpleLog4JLogSystem initialized using logfile 'velocity.log'
2018-11-06 15:30:26,033 - ************************************************************** 
2018-11-06 15:30:26,033 - Starting Jakarta Velocity v1.4
2018-11-06 15:30:26,033 - RuntimeInstance initializing.
2018-11-06 15:30:26,033 - Default Properties File: org\apache\velocity\runtime\defaults\velocity.properties
2018-11-06 15:30:26,033 - Trying to use logger class org.apache.velocity.runtime.log.SimpleLog4JLogSystem
2018-11-06 15:30:26,033 - Using logger class org.apache.velocity.runtime.log.SimpleLog4JLogSystem
2018-11-06 15:30:26,034 - Default ResourceManager initializing. (class org.apache.velocity.runtime.resource.ResourceManagerImpl)
2018-11-06 15:30:26,036 - Resource Loader Instantiated: org.apache.velocity.runtime.resource.loader.ClasspathResourceLoader
2018-11-06 15:30:26,036 - ClasspathResourceLoader : initialization starting.
2018-11-06 15:30:26,036 - ClasspathResourceLoader : initialization complete.
2018-11-06 15:30:26,037 - ResourceCache : initialized. (class org.apache.velocity.runtime.resource.ResourceCacheImpl)
2018-11-06 15:30:26,037 - Default ResourceManager initialization complete.
2018-11-06 15:30:26,037 - Loaded System Directive: org.apache.velocity.runtime.directive.Literal
2018-11-06 15:30:26,038 - Loaded System Directive: org.apache.velocity.runtime.directive.Macro
2018-11-06 15:30:26,039 - Loaded System Directive: org.apache.velocity.runtime.directive.Parse
2018-11-06 15:30:26,040 - Loaded System Directive: org.apache.velocity.runtime.directive.Include
2018-11-06 15:30:26,041 - Loaded System Directive: org.apache.velocity.runtime.directive.Foreach
2018-11-06 15:30:26,062 - Created: 20 parsers.
2018-11-06 15:30:26,066 - Velocimacro : initialization starting.
2018-11-06 15:30:26,066 - Velocimacro : adding VMs from VM library template : VM_global_library.vm
2018-11-06 15:30:26,068 - ResourceManager : unable to find resource 'VM_global_library.vm' in any resource loader.
2018-11-06 15:30:26,068 - Velocimacro : error using  VM library template VM_global_library.vm : org.apache.velocity.exception.ResourceNotFoundException: Unable to find resource 'VM_global_library.vm'
2018-11-06 15:30:26,068 - Velocimacro :  VM library template macro registration complete.
2018-11-06 15:30:26,068 - Velocimacro : allowInline = true : VMs can be defined inline in templates
2018-11-06 15:30:26,068 - Velocimacro : allowInlineToOverride = false : VMs defined inline may NOT replace previous VM definitions
2018-11-06 15:30:26,068 - Velocimacro : allowInlineLocal = false : VMs defined inline will be  global in scope if allowed.
2018-11-06 15:30:26,068 - Velocimacro : messages on  : VM system will output logging messages
2018-11-06 15:30:26,068 - Velocimacro : autoload off  : VM system will not automatically reload global library macros
2018-11-06 15:30:26,068 - Velocimacro : initialization complete.
2018-11-06 15:30:26,068 - Velocity successfully started.
2018-11-06 15:30:57,332 - SimpleLog4JLogSystem initialized using logfile 'velocity.log'
2018-11-06 15:30:57,333 - ************************************************************** 
2018-11-06 15:30:57,333 - Starting Jakarta Velocity v1.4
2018-11-06 15:30:57,333 - RuntimeInstance initializing.
2018-11-06 15:30:57,333 - Default Properties File: org\apache\velocity\runtime\defaults\velocity.properties
2018-11-06 15:30:57,333 - Trying to use logger class org.apache.velocity.runtime.log.SimpleLog4JLogSystem
2018-11-06 15:30:57,333 - Using logger class org.apache.velocity.runtime.log.SimpleLog4JLogSystem
2018-11-06 15:30:57,334 - Default ResourceManager initializing. (class org.apache.velocity.runtime.resource.ResourceManagerImpl)
2018-11-06 15:30:57,336 - Resource Loader Instantiated: org.apache.velocity.runtime.resource.loader.ClasspathResourceLoader
2018-11-06 15:30:57,336 - ClasspathResourceLoader : initialization starting.
2018-11-06 15:30:57,336 - ClasspathResourceLoader : initialization complete.
2018-11-06 15:30:57,336 - ResourceCache : initialized. (class org.apache.velocity.runtime.resource.ResourceCacheImpl)
2018-11-06 15:30:57,336 - Default ResourceManager initialization complete.
2018-11-06 15:30:57,338 - Loaded System Directive: org.apache.velocity.runtime.directive.Literal
2018-11-06 15:30:57,339 - Loaded System Directive: org.apache.velocity.runtime.directive.Macro
2018-11-06 15:30:57,341 - Loaded System Directive: org.apache.velocity.runtime.directive.Parse
2018-11-06 15:30:57,342 - Loaded System Directive: org.apache.velocity.runtime.directive.Include
2018-11-06 15:30:57,343 - Loaded System Directive: org.apache.velocity.runtime.directive.Foreach
2018-11-06 15:30:57,362 - Created: 20 parsers.
2018-11-06 15:30:57,365 - Velocimacro : initialization starting.
2018-11-06 15:30:57,365 - Velocimacro : adding VMs from VM library template : VM_global_library.vm
2018-11-06 15:30:57,367 - ResourceManager : unable to find resource 'VM_global_library.vm' in any resource loader.
2018-11-06 15:30:57,367 - Velocimacro : error using  VM library template VM_global_library.vm : org.apache.velocity.exception.ResourceNotFoundException: Unable to find resource 'VM_global_library.vm'
2018-11-06 15:30:57,367 - Velocimacro :  VM library template macro registration complete.
2018-11-06 15:30:57,367 - Velocimacro : allowInline = true : VMs can be defined inline in templates
2018-11-06 15:30:57,367 - Velocimacro : allowInlineToOverride = false : VMs defined inline may NOT replace previous VM definitions
2018-11-06 15:30:57,367 - Velocimacro : allowInlineLocal = false : VMs defined inline will be  global in scope if allowed.
2018-11-06 15:30:57,367 - Velocimacro : messages on  : VM system will output logging messages
2018-11-06 15:30:57,367 - Velocimacro : autoload off  : VM system will not automatically reload global library macros
2018-11-06 15:30:57,367 - Velocimacro : initialization complete.
2018-11-06 15:30:57,367 - Velocity successfully started.
2018-11-06 15:31:29,320 - ResourceManager : found repast/simphony/parameter/parameters.vt with loader org.apache.velocity.runtime.resource.loader.ClasspathResourceLoader
2018-11-06 15:31:31,025 - ResourceManager : found repast/simphony/scenario/Scenario.vt with loader org.apache.velocity.runtime.resource.loader.ClasspathResourceLoader
2018-11-06 15:32:26,617 - ResourceManager : found repast/simphony/parameter/parameters.vt with loader org.apache.velocity.runtime.resource.loader.ClasspathResourceLoader
2018-11-06 15:32:27,818 - ResourceManager : found repast/simphony/scenario/Scenario.vt with loader org.apache.velocity.runtime.resource.loader.ClasspathResourceLoader
2018-11-06 15:36:16,303 - SimpleLog4JLogSystem initialized using logfile 'velocity.log'
2018-11-06 15:36:16,304 - ************************************************************** 
2018-11-06 15:36:16,304 - Starting Jakarta Velocity v1.4
2018-11-06 15:36:16,304 - RuntimeInstance initializing.
2018-11-06 15:36:16,304 - Default Properties File: org\apache\velocity\runtime\defaults\velocity.properties
2018-11-06 15:36:16,304 - Trying to use logger class org.apache.velocity.runtime.log.SimpleLog4JLogSystem
2018-11-06 15:36:16,304 - Using logger class org.apache.velocity.runtime.log.SimpleLog4JLogSystem
2018-11-06 15:36:16,305 - Default ResourceManager initializing. (class org.apache.velocity.runtime.resource.ResourceManagerImpl)
2018-11-06 15:36:16,306 - Resource Loader Instantiated: org.apache.velocity.runtime.resource.loader.ClasspathResourceLoader
2018-11-06 15:36:16,306 - ClasspathResourceLoader : initialization starting.
2018-11-06 15:36:16,307 - ClasspathResourceLoader : initialization complete.
2018-11-06 15:36:16,307 - ResourceCache : initialized. (class org.apache.velocity.runtime.resource.ResourceCacheImpl)
2018-11-06 15:36:16,307 - Default ResourceManager initialization complete.
2018-11-06 15:36:16,308 - Loaded System Directive: org.apache.velocity.runtime.directive.Literal
2018-11-06 15:36:16,309 - Loaded System Directive: org.apache.velocity.runtime.directive.Macro
2018-11-06 15:36:16,310 - Loaded System Directive: org.apache.velocity.runtime.directive.Parse
2018-11-06 15:36:16,311 - Loaded System Directive: org.apache.velocity.runtime.directive.Include
2018-11-06 15:36:16,311 - Loaded System Directive: org.apache.velocity.runtime.directive.Foreach
2018-11-06 15:36:16,328 - Created: 20 parsers.
2018-11-06 15:36:16,331 - Velocimacro : initialization starting.
2018-11-06 15:36:16,331 - Velocimacro : adding VMs from VM library template : VM_global_library.vm
2018-11-06 15:36:16,333 - ResourceManager : unable to find resource 'VM_global_library.vm' in any resource loader.
2018-11-06 15:36:16,333 - Velocimacro : error using  VM library template VM_global_library.vm : org.apache.velocity.exception.ResourceNotFoundException: Unable to find resource 'VM_global_library.vm'
2018-11-06 15:36:16,333 - Velocimacro :  VM library template macro registration complete.
2018-11-06 15:36:16,333 - Velocimacro : allowInline = true : VMs can be defined inline in templates
2018-11-06 15:36:16,333 - Velocimacro : allowInlineToOverride = false : VMs defined inline may NOT replace previous VM definitions
2018-11-06 15:36:16,333 - Velocimacro : allowInlineLocal = false : VMs defined inline will be  global in scope if allowed.
2018-11-06 15:36:16,333 - Velocimacro : messages on  : VM system will output logging messages
2018-11-06 15:36:16,333 - Velocimacro : autoload off  : VM system will not automatically reload global library macros
2018-11-06 15:36:16,333 - Velocimacro : initialization complete.
2018-11-06 15:36:16,334 - Velocity successfully started.
2018-11-06 16:00:58,891 - SimpleLog4JLogSystem initialized using logfile 'velocity.log'
2018-11-06 16:00:58,891 - ************************************************************** 
2018-11-06 16:00:58,891 - Starting Jakarta Velocity v1.4
2018-11-06 16:00:58,891 - RuntimeInstance initializing.
2018-11-06 16:00:58,891 - Default Properties File: org\apache\velocity\runtime\defaults\velocity.properties
2018-11-06 16:00:58,891 - Trying to use logger class org.apache.velocity.runtime.log.SimpleLog4JLogSystem
2018-11-06 16:00:58,891 - Using logger class org.apache.velocity.runtime.log.SimpleLog4JLogSystem
2018-11-06 16:00:58,893 - Default ResourceManager initializing. (class org.apache.velocity.runtime.resource.ResourceManagerImpl)
2018-11-06 16:00:58,894 - Resource Loader Instantiated: org.apache.velocity.runtime.resource.loader.ClasspathResourceLoader
2018-11-06 16:00:58,894 - ClasspathResourceLoader : initialization starting.
2018-11-06 16:00:58,894 - ClasspathResourceLoader : initialization complete.
2018-11-06 16:00:58,895 - ResourceCache : initialized. (class org.apache.velocity.runtime.resource.ResourceCacheImpl)
2018-11-06 16:00:58,895 - Default ResourceManager initialization complete.
2018-11-06 16:00:58,895 - Loaded System Directive: org.apache.velocity.runtime.directive.Literal
2018-11-06 16:00:58,896 - Loaded System Directive: org.apache.velocity.runtime.directive.Macro
2018-11-06 16:00:58,897 - Loaded System Directive: org.apache.velocity.runtime.directive.Parse
2018-11-06 16:00:58,898 - Loaded System Directive: org.apache.velocity.runtime.directive.Include
2018-11-06 16:00:58,899 - Loaded System Directive: org.apache.velocity.runtime.directive.Foreach
2018-11-06 16:00:58,914 - Created: 20 parsers.
2018-11-06 16:00:58,917 - Velocimacro : initialization starting.
2018-11-06 16:00:58,917 - Velocimacro : adding VMs from VM library template : VM_global_library.vm
2018-11-06 16:00:58,919 - ResourceManager : unable to find resource 'VM_global_library.vm' in any resource loader.
2018-11-06 16:00:58,919 - Velocimacro : error using  VM library template VM_global_library.vm : org.apache.velocity.exception.ResourceNotFoundException: Unable to find resource 'VM_global_library.vm'
2018-11-06 16:00:58,919 - Velocimacro :  VM library template macro registration complete.
2018-11-06 16:00:58,919 - Velocimacro : allowInline = true : VMs can be defined inline in templates
2018-11-06 16:00:58,919 - Velocimacro : allowInlineToOverride = false : VMs defined inline may NOT replace previous VM definitions
2018-11-06 16:00:58,919 - Velocimacro : allowInlineLocal = false : VMs defined inline will be  global in scope if allowed.
2018-11-06 16:00:58,919 - Velocimacro : messages on  : VM system will output logging messages
2018-11-06 16:00:58,919 - Velocimacro : autoload off  : VM system will not automatically reload global library macros
2018-11-06 16:00:58,919 - Velocimacro : initialization complete.
2018-11-06 16:00:58,919 - Velocity successfully started.
2018-11-06 16:01:55,890 - ResourceManager : found repast/simphony/scenario/Scenario.vt with loader org.apache.velocity.runtime.resource.loader.ClasspathResourceLoader
2018-11-06 16:02:55,458 - SimpleLog4JLogSystem initialized using logfile 'velocity.log'
2018-11-06 16:02:55,458 - ************************************************************** 
2018-11-06 16:02:55,458 - Starting Jakarta Velocity v1.4
2018-11-06 16:02:55,458 - RuntimeInstance initializing.
2018-11-06 16:02:55,458 - Default Properties File: org\apache\velocity\runtime\defaults\velocity.properties
2018-11-06 16:02:55,458 - Trying to use logger class org.apache.velocity.runtime.log.SimpleLog4JLogSystem
2018-11-06 16:02:55,458 - Using logger class org.apache.velocity.runtime.log.SimpleLog4JLogSystem
2018-11-06 16:02:55,460 - Default ResourceManager initializing. (class org.apache.velocity.runtime.resource.ResourceManagerImpl)
2018-11-06 16:02:55,461 - Resource Loader Instantiated: org.apache.velocity.runtime.resource.loader.ClasspathResourceLoader
2018-11-06 16:02:55,461 - ClasspathResourceLoader : initialization starting.
2018-11-06 16:02:55,461 - ClasspathResourceLoader : initialization complete.
2018-11-06 16:02:55,462 - ResourceCache : initialized. (class org.apache.velocity.runtime.resource.ResourceCacheImpl)
2018-11-06 16:02:55,462 - Default ResourceManager initialization complete.
2018-11-06 16:02:55,463 - Loaded System Directive: org.apache.velocity.runtime.directive.Literal
2018-11-06 16:02:55,464 - Loaded System Directive: org.apache.velocity.runtime.directive.Macro
2018-11-06 16:02:55,465 - Loaded System Directive: org.apache.velocity.runtime.directive.Parse
2018-11-06 16:02:55,465 - Loaded System Directive: org.apache.velocity.runtime.directive.Include
2018-11-06 16:02:55,466 - Loaded System Directive: org.apache.velocity.runtime.directive.Foreach
2018-11-06 16:02:55,482 - Created: 20 parsers.
2018-11-06 16:02:55,485 - Velocimacro : initialization starting.
2018-11-06 16:02:55,485 - Velocimacro : adding VMs from VM library template : VM_global_library.vm
2018-11-06 16:02:55,487 - ResourceManager : unable to find resource 'VM_global_library.vm' in any resource loader.
2018-11-06 16:02:55,487 - Velocimacro : error using  VM library template VM_global_library.vm : org.apache.velocity.exception.ResourceNotFoundException: Unable to find resource 'VM_global_library.vm'
2018-11-06 16:02:55,487 - Velocimacro :  VM library template macro registration complete.
2018-11-06 16:02:55,487 - Velocimacro : allowInline = true : VMs can be defined inline in templates
2018-11-06 16:02:55,487 - Velocimacro : allowInlineToOverride = false : VMs defined inline may NOT replace previous VM definitions
2018-11-06 16:02:55,487 - Velocimacro : allowInlineLocal = false : VMs defined inline will be  global in scope if allowed.
2018-11-06 16:02:55,487 - Velocimacro : messages on  : VM system will output logging messages
2018-11-06 16:02:55,487 - Velocimacro : autoload off  : VM system will not automatically reload global library macros
2018-11-06 16:02:55,487 - Velocimacro : initialization complete.
2018-11-06 16:02:55,487 - Velocity successfully started.
2018-11-06 16:03:45,467 - ResourceManager : found repast/simphony/scenario/Scenario.vt with loader org.apache.velocity.runtime.resource.loader.ClasspathResourceLoader
2018-11-06 16:12:29,370 - SimpleLog4JLogSystem initialized using logfile 'velocity.log'
2018-11-06 16:12:29,370 - ************************************************************** 
2018-11-06 16:12:29,370 - Starting Jakarta Velocity v1.4
2018-11-06 16:12:29,371 - RuntimeInstance initializing.
2018-11-06 16:12:29,371 - Default Properties File: org\apache\velocity\runtime\defaults\velocity.properties
2018-11-06 16:12:29,371 - Trying to use logger class org.apache.velocity.runtime.log.SimpleLog4JLogSystem
2018-11-06 16:12:29,371 - Using logger class org.apache.velocity.runtime.log.SimpleLog4JLogSystem
2018-11-06 16:12:29,372 - Default ResourceManager initializing. (class org.apache.velocity.runtime.resource.ResourceManagerImpl)
2018-11-06 16:12:29,374 - Resource Loader Instantiated: org.apache.velocity.runtime.resource.loader.ClasspathResourceLoader
2018-11-06 16:12:29,374 - ClasspathResourceLoader : initialization starting.
2018-11-06 16:12:29,374 - ClasspathResourceLoader : initialization complete.
2018-11-06 16:12:29,374 - ResourceCache : initialized. (class org.apache.velocity.runtime.resource.ResourceCacheImpl)
2018-11-06 16:12:29,374 - Default ResourceManager initialization complete.
2018-11-06 16:12:29,375 - Loaded System Directive: org.apache.velocity.runtime.directive.Literal
2018-11-06 16:12:29,376 - Loaded System Directive: org.apache.velocity.runtime.directive.Macro
2018-11-06 16:12:29,377 - Loaded System Directive: org.apache.velocity.runtime.directive.Parse
2018-11-06 16:12:29,378 - Loaded System Directive: org.apache.velocity.runtime.directive.Include
2018-11-06 16:12:29,379 - Loaded System Directive: org.apache.velocity.runtime.directive.Foreach
2018-11-06 16:12:29,396 - Created: 20 parsers.
2018-11-06 16:12:29,399 - Velocimacro : initialization starting.
2018-11-06 16:12:29,399 - Velocimacro : adding VMs from VM library template : VM_global_library.vm
2018-11-06 16:12:29,401 - ResourceManager : unable to find resource 'VM_global_library.vm' in any resource loader.
2018-11-06 16:12:29,401 - Velocimacro : error using  VM library template VM_global_library.vm : org.apache.velocity.exception.ResourceNotFoundException: Unable to find resource 'VM_global_library.vm'
2018-11-06 16:12:29,401 - Velocimacro :  VM library template macro registration complete.
2018-11-06 16:12:29,401 - Velocimacro : allowInline = true : VMs can be defined inline in templates
2018-11-06 16:12:29,401 - Velocimacro : allowInlineToOverride = false : VMs defined inline may NOT replace previous VM definitions
2018-11-06 16:12:29,401 - Velocimacro : allowInlineLocal = false : VMs defined inline will be  global in scope if allowed.
2018-11-06 16:12:29,401 - Velocimacro : messages on  : VM system will output logging messages
2018-11-06 16:12:29,401 - Velocimacro : autoload off  : VM system will not automatically reload global library macros
2018-11-06 16:12:29,401 - Velocimacro : initialization complete.
2018-11-06 16:12:29,401 - Velocity successfully started.
2018-11-06 16:13:23,241 - SimpleLog4JLogSystem initialized using logfile 'velocity.log'
2018-11-06 16:13:23,241 - ************************************************************** 
2018-11-06 16:13:23,241 - Starting Jakarta Velocity v1.4
2018-11-06 16:13:23,241 - RuntimeInstance initializing.
2018-11-06 16:13:23,241 - Default Properties File: org\apache\velocity\runtime\defaults\velocity.properties
2018-11-06 16:13:23,241 - Trying to use logger class org.apache.velocity.runtime.log.SimpleLog4JLogSystem
2018-11-06 16:13:23,241 - Using logger class org.apache.velocity.runtime.log.SimpleLog4JLogSystem
2018-11-06 16:13:23,243 - Default ResourceManager initializing. (class org.apache.velocity.runtime.resource.ResourceManagerImpl)
2018-11-06 16:13:23,244 - Resource Loader Instantiated: org.apache.velocity.runtime.resource.loader.ClasspathResourceLoader
2018-11-06 16:13:23,244 - ClasspathResourceLoader : initialization starting.
2018-11-06 16:13:23,244 - ClasspathResourceLoader : initialization complete.
2018-11-06 16:13:23,245 - ResourceCache : initialized. (class org.apache.velocity.runtime.resource.ResourceCacheImpl)
2018-11-06 16:13:23,245 - Default ResourceManager initialization complete.
2018-11-06 16:13:23,246 - Loaded System Directive: org.apache.velocity.runtime.directive.Literal
2018-11-06 16:13:23,246 - Loaded System Directive: org.apache.velocity.runtime.directive.Macro
2018-11-06 16:13:23,247 - Loaded System Directive: org.apache.velocity.runtime.directive.Parse
2018-11-06 16:13:23,248 - Loaded System Directive: org.apache.velocity.runtime.directive.Include
2018-11-06 16:13:23,249 - Loaded System Directive: org.apache.velocity.runtime.directive.Foreach
2018-11-06 16:13:23,265 - Created: 20 parsers.
2018-11-06 16:13:23,268 - Velocimacro : initialization starting.
2018-11-06 16:13:23,268 - Velocimacro : adding VMs from VM library template : VM_global_library.vm
2018-11-06 16:13:23,270 - ResourceManager : unable to find resource 'VM_global_library.vm' in any resource loader.
2018-11-06 16:13:23,270 - Velocimacro : error using  VM library template VM_global_library.vm : org.apache.velocity.exception.ResourceNotFoundException: Unable to find resource 'VM_global_library.vm'
2018-11-06 16:13:23,270 - Velocimacro :  VM library template macro registration complete.
2018-11-06 16:13:23,270 - Velocimacro : allowInline = true : VMs can be defined inline in templates
2018-11-06 16:13:23,270 - Velocimacro : allowInlineToOverride = false : VMs defined inline may NOT replace previous VM definitions
2018-11-06 16:13:23,270 - Velocimacro : allowInlineLocal = false : VMs defined inline will be  global in scope if allowed.
2018-11-06 16:13:23,270 - Velocimacro : messages on  : VM system will output logging messages
2018-11-06 16:13:23,270 - Velocimacro : autoload off  : VM system will not automatically reload global library macros
2018-11-06 16:13:23,270 - Velocimacro : initialization complete.
2018-11-06 16:13:23,270 - Velocity successfully started.
2018-11-06 16:14:17,523 - ResourceManager : found repast/simphony/scenario/Scenario.vt with loader org.apache.velocity.runtime.resource.loader.ClasspathResourceLoader
2018-11-06 16:19:49,235 - SimpleLog4JLogSystem initialized using logfile 'velocity.log'
2018-11-06 16:19:49,236 - ************************************************************** 
2018-11-06 16:19:49,236 - Starting Jakarta Velocity v1.4
2018-11-06 16:19:49,236 - RuntimeInstance initializing.
2018-11-06 16:19:49,236 - Default Properties File: org\apache\velocity\runtime\defaults\velocity.properties
2018-11-06 16:19:49,236 - Trying to use logger class org.apache.velocity.runtime.log.SimpleLog4JLogSystem
2018-11-06 16:19:49,236 - Using logger class org.apache.velocity.runtime.log.SimpleLog4JLogSystem
2018-11-06 16:19:49,238 - Default ResourceManager initializing. (class org.apache.velocity.runtime.resource.ResourceManagerImpl)
2018-11-06 16:19:49,239 - Resource Loader Instantiated: org.apache.velocity.runtime.resource.loader.ClasspathResourceLoader
2018-11-06 16:19:49,239 - ClasspathResourceLoader : initialization starting.
2018-11-06 16:19:49,239 - ClasspathResourceLoader : initialization complete.
2018-11-06 16:19:49,240 - ResourceCache : initialized. (class org.apache.velocity.runtime.resource.ResourceCacheImpl)
2018-11-06 16:19:49,240 - Default ResourceManager initialization complete.
2018-11-06 16:19:49,241 - Loaded System Directive: org.apache.velocity.runtime.directive.Literal
2018-11-06 16:19:49,242 - Loaded System Directive: org.apache.velocity.runtime.directive.Macro
2018-11-06 16:19:49,245 - Loaded System Directive: org.apache.velocity.runtime.directive.Parse
2018-11-06 16:19:49,246 - Loaded System Directive: org.apache.velocity.runtime.directive.Include
2018-11-06 16:19:49,247 - Loaded System Directive: org.apache.velocity.runtime.directive.Foreach
2018-11-06 16:19:49,265 - Created: 20 parsers.
2018-11-06 16:19:49,267 - Velocimacro : initialization starting.
2018-11-06 16:19:49,267 - Velocimacro : adding VMs from VM library template : VM_global_library.vm
2018-11-06 16:19:49,270 - ResourceManager : unable to find resource 'VM_global_library.vm' in any resource loader.
2018-11-06 16:19:49,270 - Velocimacro : error using  VM library template VM_global_library.vm : org.apache.velocity.exception.ResourceNotFoundException: Unable to find resource 'VM_global_library.vm'
2018-11-06 16:19:49,270 - Velocimacro :  VM library template macro registration complete.
2018-11-06 16:19:49,270 - Velocimacro : allowInline = true : VMs can be defined inline in templates
2018-11-06 16:19:49,270 - Velocimacro : allowInlineToOverride = false : VMs defined inline may NOT replace previous VM definitions
2018-11-06 16:19:49,270 - Velocimacro : allowInlineLocal = false : VMs defined inline will be  global in scope if allowed.
2018-11-06 16:19:49,270 - Velocimacro : messages on  : VM system will output logging messages
2018-11-06 16:19:49,270 - Velocimacro : autoload off  : VM system will not automatically reload global library macros
2018-11-06 16:19:49,270 - Velocimacro : initialization complete.
2018-11-06 16:19:49,270 - Velocity successfully started.
2018-11-10 10:02:40,601 - SimpleLog4JLogSystem initialized using logfile 'velocity.log'
2018-11-10 10:02:40,601 - ************************************************************** 
2018-11-10 10:02:40,601 - Starting Jakarta Velocity v1.4
2018-11-10 10:02:40,601 - RuntimeInstance initializing.
2018-11-10 10:02:40,601 - Default Properties File: org\apache\velocity\runtime\defaults\velocity.properties
2018-11-10 10:02:40,601 - Trying to use logger class org.apache.velocity.runtime.log.SimpleLog4JLogSystem
2018-11-10 10:02:40,601 - Using logger class org.apache.velocity.runtime.log.SimpleLog4JLogSystem
2018-11-10 10:02:40,603 - Default ResourceManager initializing. (class org.apache.velocity.runtime.resource.ResourceManagerImpl)
2018-11-10 10:02:40,604 - Resource Loader Instantiated: org.apache.velocity.runtime.resource.loader.ClasspathResourceLoader
2018-11-10 10:02:40,604 - ClasspathResourceLoader : initialization starting.
2018-11-10 10:02:40,604 - ClasspathResourceLoader : initialization complete.
2018-11-10 10:02:40,605 - ResourceCache : initialized. (class org.apache.velocity.runtime.resource.ResourceCacheImpl)
2018-11-10 10:02:40,605 - Default ResourceManager initialization complete.
2018-11-10 10:02:40,606 - Loaded System Directive: org.apache.velocity.runtime.directive.Literal
2018-11-10 10:02:40,607 - Loaded System Directive: org.apache.velocity.runtime.directive.Macro
2018-11-10 10:02:40,609 - Loaded System Directive: org.apache.velocity.runtime.directive.Parse
2018-11-10 10:02:40,610 - Loaded System Directive: org.apache.velocity.runtime.directive.Include
2018-11-10 10:02:40,610 - Loaded System Directive: org.apache.velocity.runtime.directive.Foreach
2018-11-10 10:02:40,627 - Created: 20 parsers.
2018-11-10 10:02:40,631 - Velocimacro : initialization starting.
2018-11-10 10:02:40,631 - Velocimacro : adding VMs from VM library template : VM_global_library.vm
2018-11-10 10:02:40,633 - ResourceManager : unable to find resource 'VM_global_library.vm' in any resource loader.
2018-11-10 10:02:40,633 - Velocimacro : error using  VM library template VM_global_library.vm : org.apache.velocity.exception.ResourceNotFoundException: Unable to find resource 'VM_global_library.vm'
2018-11-10 10:02:40,633 - Velocimacro :  VM library template macro registration complete.
2018-11-10 10:02:40,633 - Velocimacro : allowInline = true : VMs can be defined inline in templates
2018-11-10 10:02:40,633 - Velocimacro : allowInlineToOverride = false : VMs defined inline may NOT replace previous VM definitions
2018-11-10 10:02:40,633 - Velocimacro : allowInlineLocal = false : VMs defined inline will be  global in scope if allowed.
2018-11-10 10:02:40,634 - Velocimacro : messages on  : VM system will output logging messages
2018-11-10 10:02:40,634 - Velocimacro : autoload off  : VM system will not automatically reload global library macros
2018-11-10 10:02:40,634 - Velocimacro : initialization complete.
2018-11-10 10:02:40,634 - Velocity successfully started.
2019-09-30 11:59:55,956 - SimpleLog4JLogSystem initialized using logfile 'velocity.log'
2019-09-30 11:59:55,957 - ************************************************************** 
2019-09-30 11:59:55,957 - Starting Jakarta Velocity v1.4
2019-09-30 11:59:55,957 - RuntimeInstance initializing.
2019-09-30 11:59:55,957 - Default Properties File: org\apache\velocity\runtime\defaults\velocity.properties
2019-09-30 11:59:55,957 - Trying to use logger class org.apache.velocity.runtime.log.SimpleLog4JLogSystem
2019-09-30 11:59:55,957 - Using logger class org.apache.velocity.runtime.log.SimpleLog4JLogSystem
2019-09-30 11:59:55,959 - Default ResourceManager initializing. (class org.apache.velocity.runtime.resource.ResourceManagerImpl)
2019-09-30 11:59:55,961 - Resource Loader Instantiated: org.apache.velocity.runtime.resource.loader.ClasspathResourceLoader
2019-09-30 11:59:55,961 - ClasspathResourceLoader : initialization starting.
2019-09-30 11:59:55,961 - ClasspathResourceLoader : initialization complete.
2019-09-30 11:59:55,962 - ResourceCache : initialized. (class org.apache.velocity.runtime.resource.ResourceCacheImpl)
2019-09-30 11:59:55,962 - Default ResourceManager initialization complete.
2019-09-30 11:59:55,963 - Loaded System Directive: org.apache.velocity.runtime.directive.Literal
2019-09-30 11:59:55,964 - Loaded System Directive: org.apache.velocity.runtime.directive.Macro
2019-09-30 11:59:55,966 - Loaded System Directive: org.apache.velocity.runtime.directive.Parse
2019-09-30 11:59:55,967 - Loaded System Directive: org.apache.velocity.runtime.directive.Include
2019-09-30 11:59:55,968 - Loaded System Directive: org.apache.velocity.runtime.directive.Foreach
2019-09-30 11:59:55,987 - Created: 20 parsers.
2019-09-30 11:59:55,992 - Velocimacro : initialization starting.
2019-09-30 11:59:55,992 - Velocimacro : adding VMs from VM library template : VM_global_library.vm
2019-09-30 11:59:55,995 - ResourceManager : unable to find resource 'VM_global_library.vm' in any resource loader.
2019-09-30 11:59:55,995 - Velocimacro : error using  VM library template VM_global_library.vm : org.apache.velocity.exception.ResourceNotFoundException: Unable to find resource 'VM_global_library.vm'
2019-09-30 11:59:55,995 - Velocimacro :  VM library template macro registration complete.
2019-09-30 11:59:55,995 - Velocimacro : allowInline = true : VMs can be defined inline in templates
2019-09-30 11:59:55,995 - Velocimacro : allowInlineToOverride = false : VMs defined inline may NOT replace previous VM definitions
2019-09-30 11:59:55,995 - Velocimacro : allowInlineLocal = false : VMs defined inline will be  global in scope if allowed.
2019-09-30 11:59:55,995 - Velocimacro : messages on  : VM system will output logging messages
2019-09-30 11:59:55,995 - Velocimacro : autoload off  : VM system will not automatically reload global library macros
2019-09-30 11:59:55,995 - Velocimacro : initialization complete.
2019-09-30 11:59:55,995 - Velocity successfully started.
2020-09-18 13:34:10,478 - SimpleLog4JLogSystem initialized using logfile 'velocity.log'
2020-09-18 13:34:10,478 - ************************************************************** 
2020-09-18 13:34:10,478 - Starting Jakarta Velocity v1.4
2020-09-18 13:34:10,478 - RuntimeInstance initializing.
2020-09-18 13:34:10,479 - Default Properties File: org\apache\velocity\runtime\defaults\velocity.properties
2020-09-18 13:34:10,479 - Trying to use logger class org.apache.velocity.runtime.log.SimpleLog4JLogSystem
2020-09-18 13:34:10,479 - Using logger class org.apache.velocity.runtime.log.SimpleLog4JLogSystem
2020-09-18 13:34:10,480 - Default ResourceManager initializing. (class org.apache.velocity.runtime.resource.ResourceManagerImpl)
2020-09-18 13:34:10,481 - Resource Loader Instantiated: org.apache.velocity.runtime.resource.loader.ClasspathResourceLoader
2020-09-18 13:34:10,481 - ClasspathResourceLoader : initialization starting.
2020-09-18 13:34:10,481 - ClasspathResourceLoader : initialization complete.
2020-09-18 13:34:10,482 - ResourceCache : initialized. (class org.apache.velocity.runtime.resource.ResourceCacheImpl)
2020-09-18 13:34:10,482 - Default ResourceManager initialization complete.
2020-09-18 13:34:10,483 - Loaded System Directive: org.apache.velocity.runtime.directive.Literal
2020-09-18 13:34:10,484 - Loaded System Directive: org.apache.velocity.runtime.directive.Macro
2020-09-18 13:34:10,486 - Loaded System Directive: org.apache.velocity.runtime.directive.Parse
2020-09-18 13:34:10,487 - Loaded System Directive: org.apache.velocity.runtime.directive.Include
2020-09-18 13:34:10,487 - Loaded System Directive: org.apache.velocity.runtime.directive.Foreach
2020-09-18 13:34:10,509 - Created: 20 parsers.
2020-09-18 13:34:10,512 - Velocimacro : initialization starting.
2020-09-18 13:34:10,512 - Velocimacro : adding VMs from VM library template : VM_global_library.vm
2020-09-18 13:34:10,513 - ResourceManager : unable to find resource 'VM_global_library.vm' in any resource loader.
2020-09-18 13:34:10,513 - Velocimacro : error using  VM library template VM_global_library.vm : org.apache.velocity.exception.ResourceNotFoundException: Unable to find resource 'VM_global_library.vm'
2020-09-18 13:34:10,514 - Velocimacro :  VM library template macro registration complete.
2020-09-18 13:34:10,514 - Velocimacro : allowInline = true : VMs can be defined inline in templates
2020-09-18 13:34:10,514 - Velocimacro : allowInlineToOverride = false : VMs defined inline may NOT replace previous VM definitions
2020-09-18 13:34:10,514 - Velocimacro : allowInlineLocal = false : VMs defined inline will be  global in scope if allowed.
2020-09-18 13:34:10,514 - Velocimacro : messages on  : VM system will output logging messages
2020-09-18 13:34:10,514 - Velocimacro : autoload off  : VM system will not automatically reload global library macros
2020-09-18 13:34:10,514 - Velocimacro : initialization complete.
2020-09-18 13:34:10,514 - Velocity successfully started.
2022-02-25 12:56:53,330 - SimpleLog4JLogSystem initialized using logfile 'velocity.log'
2022-02-25 12:56:53,330 - ************************************************************** 
2022-02-25 12:56:53,330 - Starting Jakarta Velocity v1.4
2022-02-25 12:56:53,330 - RuntimeInstance initializing.
2022-02-25 12:56:53,330 - Default Properties File: org\apache\velocity\runtime\defaults\velocity.properties
2022-02-25 12:56:53,330 - Trying to use logger class org.apache.velocity.runtime.log.SimpleLog4JLogSystem
2022-02-25 12:56:53,331 - Using logger class org.apache.velocity.runtime.log.SimpleLog4JLogSystem
2022-02-25 12:56:53,332 - Default ResourceManager initializing. (class org.apache.velocity.runtime.resource.ResourceManagerImpl)
2022-02-25 12:56:53,334 - Resource Loader Instantiated: org.apache.velocity.runtime.resource.loader.ClasspathResourceLoader
2022-02-25 12:56:53,334 - ClasspathResourceLoader : initialization starting.
2022-02-25 12:56:53,334 - ClasspathResourceLoader : initialization complete.
2022-02-25 12:56:53,335 - ResourceCache : initialized. (class org.apache.velocity.runtime.resource.ResourceCacheImpl)
2022-02-25 12:56:53,335 - Default ResourceManager initialization complete.
2022-02-25 12:56:53,336 - Loaded System Directive: org.apache.velocity.runtime.directive.Literal
2022-02-25 12:56:53,337 - Loaded System Directive: org.apache.velocity.runtime.directive.Macro
2022-02-25 12:56:53,339 - Loaded System Directive: org.apache.velocity.runtime.directive.Parse
2022-02-25 12:56:53,340 - Loaded System Directive: org.apache.velocity.runtime.directive.Include
2022-02-25 12:56:53,341 - Loaded System Directive: org.apache.velocity.runtime.directive.Foreach
2022-02-25 12:56:53,360 - Created: 20 parsers.
2022-02-25 12:56:53,365 - Velocimacro : initialization starting.
2022-02-25 12:56:53,365 - Velocimacro : adding VMs from VM library template : VM_global_library.vm
2022-02-25 12:56:53,369 - ResourceManager : unable to find resource 'VM_global_library.vm' in any resource loader.
2022-02-25 12:56:53,369 - Velocimacro : error using  VM library template VM_global_library.vm : org.apache.velocity.exception.ResourceNotFoundException: Unable to find resource 'VM_global_library.vm'
2022-02-25 12:56:53,369 - Velocimacro :  VM library template macro registration complete.
2022-02-25 12:56:53,369 - Velocimacro : allowInline = true : VMs can be defined inline in templates
2022-02-25 12:56:53,369 - Velocimacro : allowInlineToOverride = false : VMs defined inline may NOT replace previous VM definitions
2022-02-25 12:56:53,369 - Velocimacro : allowInlineLocal = false : VMs defined inline will be  global in scope if allowed.
2022-02-25 12:56:53,369 - Velocimacro : messages on  : VM system will output logging messages
2022-02-25 12:56:53,369 - Velocimacro : autoload off  : VM system will not automatically reload global library macros
2022-02-25 12:56:53,369 - Velocimacro : initialization complete.
2022-02-25 12:56:53,369 - Velocity successfully started.
2022-02-28 11:49:00,150 - SimpleLog4JLogSystem initialized using logfile 'velocity.log'
2022-02-28 11:49:00,176 - ************************************************************** 
2022-02-28 11:49:00,176 - Starting Jakarta Velocity v1.4
2022-02-28 11:49:00,176 - RuntimeInstance initializing.
2022-02-28 11:49:00,176 - Default Properties File: org\apache\velocity\runtime\defaults\velocity.properties
2022-02-28 11:49:00,176 - Trying to use logger class org.apache.velocity.runtime.log.SimpleLog4JLogSystem
2022-02-28 11:49:00,176 - Using logger class org.apache.velocity.runtime.log.SimpleLog4JLogSystem
2022-02-28 11:49:00,179 - Default ResourceManager initializing. (class org.apache.velocity.runtime.resource.ResourceManagerImpl)
2022-02-28 11:49:00,184 - Resource Loader Instantiated: org.apache.velocity.runtime.resource.loader.ClasspathResourceLoader
2022-02-28 11:49:00,184 - ClasspathResourceLoader : initialization starting.
2022-02-28 11:49:00,184 - ClasspathResourceLoader : initialization complete.
2022-02-28 11:49:00,185 - ResourceCache : initialized. (class org.apache.velocity.runtime.resource.ResourceCacheImpl)
2022-02-28 11:49:00,185 - Default ResourceManager initialization complete.
2022-02-28 11:49:00,187 - Loaded System Directive: org.apache.velocity.runtime.directive.Literal
2022-02-28 11:49:00,189 - Loaded System Directive: org.apache.velocity.runtime.directive.Macro
2022-02-28 11:49:00,191 - Loaded System Directive: org.apache.velocity.runtime.directive.Parse
2022-02-28 11:49:00,192 - Loaded System Directive: org.apache.velocity.runtime.directive.Include
2022-02-28 11:49:00,193 - Loaded System Directive: org.apache.velocity.runtime.directive.Foreach
2022-02-28 11:49:00,225 - Created: 20 parsers.
2022-02-28 11:49:00,234 - Velocimacro : initialization starting.
2022-02-28 11:49:00,234 - Velocimacro : adding VMs from VM library template : VM_global_library.vm
2022-02-28 11:49:00,239 - ResourceManager : unable to find resource 'VM_global_library.vm' in any resource loader.
2022-02-28 11:49:00,239 - Velocimacro : error using  VM library template VM_global_library.vm : org.apache.velocity.exception.ResourceNotFoundException: Unable to find resource 'VM_global_library.vm'
2022-02-28 11:49:00,239 - Velocimacro :  VM library template macro registration complete.
2022-02-28 11:49:00,239 - Velocimacro : allowInline = true : VMs can be defined inline in templates
2022-02-28 11:49:00,239 - Velocimacro : allowInlineToOverride = false : VMs defined inline may NOT replace previous VM definitions
2022-02-28 11:49:00,239 - Velocimacro : allowInlineLocal = false : VMs defined inline will be  global in scope if allowed.
2022-02-28 11:49:00,239 - Velocimacro : messages on  : VM system will output logging messages
2022-02-28 11:49:00,239 - Velocimacro : autoload off  : VM system will not automatically reload global library macros
2022-02-28 11:49:00,239 - Velocimacro : initialization complete.
2022-02-28 11:49:00,239 - Velocity successfully started.
2022-02-28 12:25:48,502 - SimpleLog4JLogSystem initialized using logfile 'velocity.log'
2022-02-28 12:25:48,503 - ************************************************************** 
2022-02-28 12:25:48,503 - Starting Jakarta Velocity v1.4
2022-02-28 12:25:48,503 - RuntimeInstance initializing.
2022-02-28 12:25:48,503 - Default Properties File: org\apache\velocity\runtime\defaults\velocity.properties
2022-02-28 12:25:48,503 - Trying to use logger class org.apache.velocity.runtime.log.SimpleLog4JLogSystem
2022-02-28 12:25:48,503 - Using logger class org.apache.velocity.runtime.log.SimpleLog4JLogSystem
2022-02-28 12:25:48,510 - Default ResourceManager initializing. (class org.apache.velocity.runtime.resource.ResourceManagerImpl)
2022-02-28 12:25:48,518 - Resource Loader Instantiated: org.apache.velocity.runtime.resource.loader.ClasspathResourceLoader
2022-02-28 12:25:48,518 - ClasspathResourceLoader : initialization starting.
2022-02-28 12:25:48,518 - ClasspathResourceLoader : initialization complete.
2022-02-28 12:25:48,522 - ResourceCache : initialized. (class org.apache.velocity.runtime.resource.ResourceCacheImpl)
2022-02-28 12:25:48,522 - Default ResourceManager initialization complete.
2022-02-28 12:25:48,526 - Loaded System Directive: org.apache.velocity.runtime.directive.Literal
2022-02-28 12:25:48,534 - Loaded System Directive: org.apache.velocity.runtime.directive.Macro
2022-02-28 12:25:48,539 - Loaded System Directive: org.apache.velocity.runtime.directive.Parse
2022-02-28 12:25:48,543 - Loaded System Directive: org.apache.velocity.runtime.directive.Include
2022-02-28 12:25:48,547 - Loaded System Directive: org.apache.velocity.runtime.directive.Foreach
2022-02-28 12:25:48,606 - Created: 20 parsers.
2022-02-28 12:25:48,626 - Velocimacro : initialization starting.
2022-02-28 12:25:48,626 - Velocimacro : adding VMs from VM library template : VM_global_library.vm
2022-02-28 12:25:48,637 - ResourceManager : unable to find resource 'VM_global_library.vm' in any resource loader.
2022-02-28 12:25:48,637 - Velocimacro : error using  VM library template VM_global_library.vm : org.apache.velocity.exception.ResourceNotFoundException: Unable to find resource 'VM_global_library.vm'
2022-02-28 12:25:48,637 - Velocimacro :  VM library template macro registration complete.
2022-02-28 12:25:48,637 - Velocimacro : allowInline = true : VMs can be defined inline in templates
2022-02-28 12:25:48,637 - Velocimacro : allowInlineToOverride = false : VMs defined inline may NOT replace previous VM definitions
2022-02-28 12:25:48,637 - Velocimacro : allowInlineLocal = false : VMs defined inline will be  global in scope if allowed.
2022-02-28 12:25:48,637 - Velocimacro : messages on  : VM system will output logging messages
2022-02-28 12:25:48,637 - Velocimacro : autoload off  : VM system will not automatically reload global library macros
2022-02-28 12:25:48,637 - Velocimacro : initialization complete.
2022-02-28 12:25:48,637 - Velocity successfully started.
2022-03-03 09:41:20,621 - SimpleLog4JLogSystem initialized using logfile 'velocity.log'
2022-03-03 09:41:20,646 - ************************************************************** 
2022-03-03 09:41:20,646 - Starting Jakarta Velocity v1.4
2022-03-03 09:41:20,646 - RuntimeInstance initializing.
2022-03-03 09:41:20,647 - Default Properties File: org\apache\velocity\runtime\defaults\velocity.properties
2022-03-03 09:41:20,647 - Trying to use logger class org.apache.velocity.runtime.log.SimpleLog4JLogSystem
2022-03-03 09:41:20,647 - Using logger class org.apache.velocity.runtime.log.SimpleLog4JLogSystem
2022-03-03 09:41:20,648 - Default ResourceManager initializing. (class org.apache.velocity.runtime.resource.ResourceManagerImpl)
2022-03-03 09:41:20,650 - Resource Loader Instantiated: org.apache.velocity.runtime.resource.loader.ClasspathResourceLoader
2022-03-03 09:41:20,650 - ClasspathResourceLoader : initialization starting.
2022-03-03 09:41:20,650 - ClasspathResourceLoader : initialization complete.
2022-03-03 09:41:20,651 - ResourceCache : initialized. (class org.apache.velocity.runtime.resource.ResourceCacheImpl)
2022-03-03 09:41:20,651 - Default ResourceManager initialization complete.
2022-03-03 09:41:20,652 - Loaded System Directive: org.apache.velocity.runtime.directive.Literal
2022-03-03 09:41:20,652 - Loaded System Directive: org.apache.velocity.runtime.directive.Macro
2022-03-03 09:41:20,654 - Loaded System Directive: org.apache.velocity.runtime.directive.Parse
2022-03-03 09:41:20,654 - Loaded System Directive: org.apache.velocity.runtime.directive.Include
2022-03-03 09:41:20,655 - Loaded System Directive: org.apache.velocity.runtime.directive.Foreach
2022-03-03 09:41:20,672 - Created: 20 parsers.
2022-03-03 09:41:20,676 - Velocimacro : initialization starting.
2022-03-03 09:41:20,676 - Velocimacro : adding VMs from VM library template : VM_global_library.vm
2022-03-03 09:41:20,678 - ResourceManager : unable to find resource 'VM_global_library.vm' in any resource loader.
2022-03-03 09:41:20,679 - Velocimacro : error using  VM library template VM_global_library.vm : org.apache.velocity.exception.ResourceNotFoundException: Unable to find resource 'VM_global_library.vm'
2022-03-03 09:41:20,679 - Velocimacro :  VM library template macro registration complete.
2022-03-03 09:41:20,679 - Velocimacro : allowInline = true : VMs can be defined inline in templates
2022-03-03 09:41:20,679 - Velocimacro : allowInlineToOverride = false : VMs defined inline may NOT replace previous VM definitions
2022-03-03 09:41:20,679 - Velocimacro : allowInlineLocal = false : VMs defined inline will be  global in scope if allowed.
2022-03-03 09:41:20,679 - Velocimacro : messages on  : VM system will output logging messages
2022-03-03 09:41:20,679 - Velocimacro : autoload off  : VM system will not automatically reload global library macros
2022-03-03 09:41:20,679 - Velocimacro : initialization complete.
2022-03-03 09:41:20,679 - Velocity successfully started.
2022-03-03 09:41:26,092 - SimpleLog4JLogSystem initialized using logfile 'velocity.log'
2022-03-03 09:41:26,093 - ************************************************************** 
2022-03-03 09:41:26,093 - Starting Jakarta Velocity v1.4
2022-03-03 09:41:26,093 - RuntimeInstance initializing.
2022-03-03 09:41:26,093 - Default Properties File: org\apache\velocity\runtime\defaults\velocity.properties
2022-03-03 09:41:26,093 - Trying to use logger class org.apache.velocity.runtime.log.SimpleLog4JLogSystem
2022-03-03 09:41:26,093 - Using logger class org.apache.velocity.runtime.log.SimpleLog4JLogSystem
2022-03-03 09:41:26,095 - Default ResourceManager initializing. (class org.apache.velocity.runtime.resource.ResourceManagerImpl)
2022-03-03 09:41:26,096 - Resource Loader Instantiated: org.apache.velocity.runtime.resource.loader.ClasspathResourceLoader
2022-03-03 09:41:26,096 - ClasspathResourceLoader : initialization starting.
2022-03-03 09:41:26,096 - ClasspathResourceLoader : initialization complete.
2022-03-03 09:41:26,097 - ResourceCache : initialized. (class org.apache.velocity.runtime.resource.ResourceCacheImpl)
2022-03-03 09:41:26,097 - Default ResourceManager initialization complete.
2022-03-03 09:41:26,098 - Loaded System Directive: org.apache.velocity.runtime.directive.Literal
2022-03-03 09:41:26,099 - Loaded System Directive: org.apache.velocity.runtime.directive.Macro
2022-03-03 09:41:26,100 - Loaded System Directive: org.apache.velocity.runtime.directive.Parse
2022-03-03 09:41:26,101 - Loaded System Directive: org.apache.velocity.runtime.directive.Include
2022-03-03 09:41:26,101 - Loaded System Directive: org.apache.velocity.runtime.directive.Foreach
2022-03-03 09:41:26,117 - Created: 20 parsers.
2022-03-03 09:41:26,120 - Velocimacro : initialization starting.
2022-03-03 09:41:26,121 - Velocimacro : adding VMs from VM library template : VM_global_library.vm
2022-03-03 09:41:26,122 - ResourceManager : unable to find resource 'VM_global_library.vm' in any resource loader.
2022-03-03 09:41:26,122 - Velocimacro : error using  VM library template VM_global_library.vm : org.apache.velocity.exception.ResourceNotFoundException: Unable to find resource 'VM_global_library.vm'
2022-03-03 09:41:26,122 - Velocimacro :  VM library template macro registration complete.
2022-03-03 09:41:26,122 - Velocimacro : allowInline = true : VMs can be defined inline in templates
2022-03-03 09:41:26,122 - Velocimacro : allowInlineToOverride = false : VMs defined inline may NOT replace previous VM definitions
2022-03-03 09:41:26,122 - Velocimacro : allowInlineLocal = false : VMs defined inline will be  global in scope if allowed.
2022-03-03 09:41:26,122 - Velocimacro : messages on  : VM system will output logging messages
2022-03-03 09:41:26,122 - Velocimacro : autoload off  : VM system will not automatically reload global library macros
2022-03-03 09:41:26,122 - Velocimacro : initialization complete.
2022-03-03 09:41:26,123 - Velocity successfully started.
2022-03-03 09:42:12,432 - ResourceManager : found repast/simphony/parameter/parameters.vt with loader org.apache.velocity.runtime.resource.loader.ClasspathResourceLoader
2022-03-03 09:44:19,126 - SimpleLog4JLogSystem initialized using logfile 'velocity.log'
2022-03-03 09:44:19,126 - ************************************************************** 
2022-03-03 09:44:19,126 - Starting Jakarta Velocity v1.4
2022-03-03 09:44:19,126 - RuntimeInstance initializing.
2022-03-03 09:44:19,126 - Default Properties File: org\apache\velocity\runtime\defaults\velocity.properties
2022-03-03 09:44:19,126 - Trying to use logger class org.apache.velocity.runtime.log.SimpleLog4JLogSystem
2022-03-03 09:44:19,126 - Using logger class org.apache.velocity.runtime.log.SimpleLog4JLogSystem
2022-03-03 09:44:19,129 - Default ResourceManager initializing. (class org.apache.velocity.runtime.resource.ResourceManagerImpl)
2022-03-03 09:44:19,131 - Resource Loader Instantiated: org.apache.velocity.runtime.resource.loader.ClasspathResourceLoader
2022-03-03 09:44:19,131 - ClasspathResourceLoader : initialization starting.
2022-03-03 09:44:19,131 - ClasspathResourceLoader : initialization complete.
2022-03-03 09:44:19,132 - ResourceCache : initialized. (class org.apache.velocity.runtime.resource.ResourceCacheImpl)
2022-03-03 09:44:19,132 - Default ResourceManager initialization complete.
2022-03-03 09:44:19,134 - Loaded System Directive: org.apache.velocity.runtime.directive.Literal
2022-03-03 09:44:19,135 - Loaded System Directive: org.apache.velocity.runtime.directive.Macro
2022-03-03 09:44:19,137 - Loaded System Directive: org.apache.velocity.runtime.directive.Parse
2022-03-03 09:44:19,139 - Loaded System Directive: org.apache.velocity.runtime.directive.Include
2022-03-03 09:44:19,140 - Loaded System Directive: org.apache.velocity.runtime.directive.Foreach
2022-03-03 09:44:19,166 - Created: 20 parsers.
2022-03-03 09:44:19,173 - Velocimacro : initialization starting.
2022-03-03 09:44:19,173 - Velocimacro : adding VMs from VM library template : VM_global_library.vm
2022-03-03 09:44:19,175 - ResourceManager : unable to find resource 'VM_global_library.vm' in any resource loader.
2022-03-03 09:44:19,176 - Velocimacro : error using  VM library template VM_global_library.vm : org.apache.velocity.exception.ResourceNotFoundException: Unable to find resource 'VM_global_library.vm'
2022-03-03 09:44:19,176 - Velocimacro :  VM library template macro registration complete.
2022-03-03 09:44:19,176 - Velocimacro : allowInline = true : VMs can be defined inline in templates
2022-03-03 09:44:19,176 - Velocimacro : allowInlineToOverride = false : VMs defined inline may NOT replace previous VM definitions
2022-03-03 09:44:19,176 - Velocimacro : allowInlineLocal = false : VMs defined inline will be  global in scope if allowed.
2022-03-03 09:44:19,176 - Velocimacro : messages on  : VM system will output logging messages
2022-03-03 09:44:19,176 - Velocimacro : autoload off  : VM system will not automatically reload global library macros
2022-03-03 09:44:19,176 - Velocimacro : initialization complete.
2022-03-03 09:44:19,176 - Velocity successfully started.
2022-03-03 10:58:06,521 - SimpleLog4JLogSystem initialized using logfile 'velocity.log'
2022-03-03 10:58:06,521 - ************************************************************** 
2022-03-03 10:58:06,522 - Starting Jakarta Velocity v1.4
2022-03-03 10:58:06,522 - RuntimeInstance initializing.
2022-03-03 10:58:06,522 - Default Properties File: org\apache\velocity\runtime\defaults\velocity.properties
2022-03-03 10:58:06,522 - Trying to use logger class org.apache.velocity.runtime.log.SimpleLog4JLogSystem
2022-03-03 10:58:06,522 - Using logger class org.apache.velocity.runtime.log.SimpleLog4JLogSystem
2022-03-03 10:58:06,525 - Default ResourceManager initializing. (class org.apache.velocity.runtime.resource.ResourceManagerImpl)
2022-03-03 10:58:06,526 - Resource Loader Instantiated: org.apache.velocity.runtime.resource.loader.ClasspathResourceLoader
2022-03-03 10:58:06,526 - ClasspathResourceLoader : initialization starting.
2022-03-03 10:58:06,526 - ClasspathResourceLoader : initialization complete.
2022-03-03 10:58:06,527 - ResourceCache : initialized. (class org.apache.velocity.runtime.resource.ResourceCacheImpl)
2022-03-03 10:58:06,527 - Default ResourceManager initialization complete.
2022-03-03 10:58:06,528 - Loaded System Directive: org.apache.velocity.runtime.directive.Literal
2022-03-03 10:58:06,529 - Loaded System Directive: org.apache.velocity.runtime.directive.Macro
2022-03-03 10:58:06,530 - Loaded System Directive: org.apache.velocity.runtime.directive.Parse
2022-03-03 10:58:06,531 - Loaded System Directive: org.apache.velocity.runtime.directive.Include
2022-03-03 10:58:06,531 - Loaded System Directive: org.apache.velocity.runtime.directive.Foreach
2022-03-03 10:58:06,550 - Created: 20 parsers.
2022-03-03 10:58:06,557 - Velocimacro : initialization starting.
2022-03-03 10:58:06,557 - Velocimacro : adding VMs from VM library template : VM_global_library.vm
2022-03-03 10:58:06,559 - ResourceManager : unable to find resource 'VM_global_library.vm' in any resource loader.
2022-03-03 10:58:06,559 - Velocimacro : error using  VM library template VM_global_library.vm : org.apache.velocity.exception.ResourceNotFoundException: Unable to find resource 'VM_global_library.vm'
2022-03-03 10:58:06,559 - Velocimacro :  VM library template macro registration complete.
2022-03-03 10:58:06,559 - Velocimacro : allowInline = true : VMs can be defined inline in templates
2022-03-03 10:58:06,559 - Velocimacro : allowInlineToOverride = false : VMs defined inline may NOT replace previous VM definitions
2022-03-03 10:58:06,559 - Velocimacro : allowInlineLocal = false : VMs defined inline will be  global in scope if allowed.
2022-03-03 10:58:06,559 - Velocimacro : messages on  : VM system will output logging messages
2022-03-03 10:58:06,559 - Velocimacro : autoload off  : VM system will not automatically reload global library macros
2022-03-03 10:58:06,559 - Velocimacro : initialization complete.
2022-03-03 10:58:06,559 - Velocity successfully started.
2022-03-03 10:59:45,381 - SimpleLog4JLogSystem initialized using logfile 'velocity.log'
2022-03-03 10:59:45,382 - ************************************************************** 
2022-03-03 10:59:45,382 - Starting Jakarta Velocity v1.4
2022-03-03 10:59:45,382 - RuntimeInstance initializing.
2022-03-03 10:59:45,382 - Default Properties File: org\apache\velocity\runtime\defaults\velocity.properties
2022-03-03 10:59:45,382 - Trying to use logger class org.apache.velocity.runtime.log.SimpleLog4JLogSystem
2022-03-03 10:59:45,383 - Using logger class org.apache.velocity.runtime.log.SimpleLog4JLogSystem
2022-03-03 10:59:45,385 - Default ResourceManager initializing. (class org.apache.velocity.runtime.resource.ResourceManagerImpl)
2022-03-03 10:59:45,386 - Resource Loader Instantiated: org.apache.velocity.runtime.resource.loader.ClasspathResourceLoader
2022-03-03 10:59:45,386 - ClasspathResourceLoader : initialization starting.
2022-03-03 10:59:45,386 - ClasspathResourceLoader : initialization complete.
2022-03-03 10:59:45,387 - ResourceCache : initialized. (class org.apache.velocity.runtime.resource.ResourceCacheImpl)
2022-03-03 10:59:45,387 - Default ResourceManager initialization complete.
2022-03-03 10:59:45,388 - Loaded System Directive: org.apache.velocity.runtime.directive.Literal
2022-03-03 10:59:45,389 - Loaded System Directive: org.apache.velocity.runtime.directive.Macro
2022-03-03 10:59:45,391 - Loaded System Directive: org.apache.velocity.runtime.directive.Parse
2022-03-03 10:59:45,393 - Loaded System Directive: org.apache.velocity.runtime.directive.Include
2022-03-03 10:59:45,394 - Loaded System Directive: org.apache.velocity.runtime.directive.Foreach
2022-03-03 10:59:45,418 - Created: 20 parsers.
2022-03-03 10:59:45,422 - Velocimacro : initialization starting.
2022-03-03 10:59:45,422 - Velocimacro : adding VMs from VM library template : VM_global_library.vm
2022-03-03 10:59:45,424 - ResourceManager : unable to find resource 'VM_global_library.vm' in any resource loader.
2022-03-03 10:59:45,425 - Velocimacro : error using  VM library template VM_global_library.vm : org.apache.velocity.exception.ResourceNotFoundException: Unable to find resource 'VM_global_library.vm'
2022-03-03 10:59:45,425 - Velocimacro :  VM library template macro registration complete.
2022-03-03 10:59:45,425 - Velocimacro : allowInline = true : VMs can be defined inline in templates
2022-03-03 10:59:45,425 - Velocimacro : allowInlineToOverride = false : VMs defined inline may NOT replace previous VM definitions
2022-03-03 10:59:45,425 - Velocimacro : allowInlineLocal = false : VMs defined inline will be  global in scope if allowed.
2022-03-03 10:59:45,425 - Velocimacro : messages on  : VM system will output logging messages
2022-03-03 10:59:45,425 - Velocimacro : autoload off  : VM system will not automatically reload global library macros
2022-03-03 10:59:45,425 - Velocimacro : initialization complete.
2022-03-03 10:59:45,425 - Velocity successfully started.
2022-03-03 11:08:14,017 - ResourceManager : found repast/simphony/parameter/parameters.vt with loader org.apache.velocity.runtime.resource.loader.ClasspathResourceLoader
2022-03-03 11:27:00,729 - SimpleLog4JLogSystem initialized using logfile 'velocity.log'
2022-03-03 11:27:00,729 - ************************************************************** 
2022-03-03 11:27:00,729 - Starting Jakarta Velocity v1.4
2022-03-03 11:27:00,729 - RuntimeInstance initializing.
2022-03-03 11:27:00,730 - Default Properties File: org\apache\velocity\runtime\defaults\velocity.properties
2022-03-03 11:27:00,730 - Trying to use logger class org.apache.velocity.runtime.log.SimpleLog4JLogSystem
2022-03-03 11:27:00,730 - Using logger class org.apache.velocity.runtime.log.SimpleLog4JLogSystem
2022-03-03 11:27:00,733 - Default ResourceManager initializing. (class org.apache.velocity.runtime.resource.ResourceManagerImpl)
2022-03-03 11:27:00,735 - Resource Loader Instantiated: org.apache.velocity.runtime.resource.loader.ClasspathResourceLoader
2022-03-03 11:27:00,735 - ClasspathResourceLoader : initialization starting.
2022-03-03 11:27:00,735 - ClasspathResourceLoader : initialization complete.
2022-03-03 11:27:00,736 - ResourceCache : initialized. (class org.apache.velocity.runtime.resource.ResourceCacheImpl)
2022-03-03 11:27:00,736 - Default ResourceManager initialization complete.
2022-03-03 11:27:00,737 - Loaded System Directive: org.apache.velocity.runtime.directive.Literal
2022-03-03 11:27:00,739 - Loaded System Directive: org.apache.velocity.runtime.directive.Macro
2022-03-03 11:27:00,741 - Loaded System Directive: org.apache.velocity.runtime.directive.Parse
2022-03-03 11:27:00,743 - Loaded System Directive: org.apache.velocity.runtime.directive.Include
2022-03-03 11:27:00,745 - Loaded System Directive: org.apache.velocity.runtime.directive.Foreach
2022-03-03 11:27:00,777 - Created: 20 parsers.
2022-03-03 11:27:00,780 - Velocimacro : initialization starting.
2022-03-03 11:27:00,780 - Velocimacro : adding VMs from VM library template : VM_global_library.vm
2022-03-03 11:27:00,782 - ResourceManager : unable to find resource 'VM_global_library.vm' in any resource loader.
2022-03-03 11:27:00,782 - Velocimacro : error using  VM library template VM_global_library.vm : org.apache.velocity.exception.ResourceNotFoundException: Unable to find resource 'VM_global_library.vm'
2022-03-03 11:27:00,782 - Velocimacro :  VM library template macro registration complete.
2022-03-03 11:27:00,782 - Velocimacro : allowInline = true : VMs can be defined inline in templates
2022-03-03 11:27:00,782 - Velocimacro : allowInlineToOverride = false : VMs defined inline may NOT replace previous VM definitions
2022-03-03 11:27:00,782 - Velocimacro : allowInlineLocal = false : VMs defined inline will be  global in scope if allowed.
2022-03-03 11:27:00,782 - Velocimacro : messages on  : VM system will output logging messages
2022-03-03 11:27:00,782 - Velocimacro : autoload off  : VM system will not automatically reload global library macros
2022-03-03 11:27:00,782 - Velocimacro : initialization complete.
2022-03-03 11:27:00,782 - Velocity successfully started.
2022-03-03 11:31:45,265 - SimpleLog4JLogSystem initialized using logfile 'velocity.log'
2022-03-03 11:31:45,266 - ************************************************************** 
2022-03-03 11:31:45,266 - Starting Jakarta Velocity v1.4
2022-03-03 11:31:45,266 - RuntimeInstance initializing.
2022-03-03 11:31:45,266 - Default Properties File: org\apache\velocity\runtime\defaults\velocity.properties
2022-03-03 11:31:45,266 - Trying to use logger class org.apache.velocity.runtime.log.SimpleLog4JLogSystem
2022-03-03 11:31:45,266 - Using logger class org.apache.velocity.runtime.log.SimpleLog4JLogSystem
2022-03-03 11:31:45,269 - Default ResourceManager initializing. (class org.apache.velocity.runtime.resource.ResourceManagerImpl)
2022-03-03 11:31:45,270 - Resource Loader Instantiated: org.apache.velocity.runtime.resource.loader.ClasspathResourceLoader
2022-03-03 11:31:45,270 - ClasspathResourceLoader : initialization starting.
2022-03-03 11:31:45,271 - ClasspathResourceLoader : initialization complete.
2022-03-03 11:31:45,271 - ResourceCache : initialized. (class org.apache.velocity.runtime.resource.ResourceCacheImpl)
2022-03-03 11:31:45,271 - Default ResourceManager initialization complete.
2022-03-03 11:31:45,273 - Loaded System Directive: org.apache.velocity.runtime.directive.Literal
2022-03-03 11:31:45,273 - Loaded System Directive: org.apache.velocity.runtime.directive.Macro
2022-03-03 11:31:45,275 - Loaded System Directive: org.apache.velocity.runtime.directive.Parse
2022-03-03 11:31:45,276 - Loaded System Directive: org.apache.velocity.runtime.directive.Include
2022-03-03 11:31:45,276 - Loaded System Directive: org.apache.velocity.runtime.directive.Foreach
2022-03-03 11:31:45,299 - Created: 20 parsers.
2022-03-03 11:31:45,305 - Velocimacro : initialization starting.
2022-03-03 11:31:45,306 - Velocimacro : adding VMs from VM library template : VM_global_library.vm
2022-03-03 11:31:45,308 - ResourceManager : unable to find resource 'VM_global_library.vm' in any resource loader.
2022-03-03 11:31:45,308 - Velocimacro : error using  VM library template VM_global_library.vm : org.apache.velocity.exception.ResourceNotFoundException: Unable to find resource 'VM_global_library.vm'
2022-03-03 11:31:45,308 - Velocimacro :  VM library template macro registration complete.
2022-03-03 11:31:45,308 - Velocimacro : allowInline = true : VMs can be defined inline in templates
2022-03-03 11:31:45,308 - Velocimacro : allowInlineToOverride = false : VMs defined inline may NOT replace previous VM definitions
2022-03-03 11:31:45,308 - Velocimacro : allowInlineLocal = false : VMs defined inline will be  global in scope if allowed.
2022-03-03 11:31:45,308 - Velocimacro : messages on  : VM system will output logging messages
2022-03-03 11:31:45,308 - Velocimacro : autoload off  : VM system will not automatically reload global library macros
2022-03-03 11:31:45,308 - Velocimacro : initialization complete.
2022-03-03 11:31:45,309 - Velocity successfully started.
2022-03-03 11:36:52,833 - ResourceManager : found repast/simphony/parameter/parameters.vt with loader org.apache.velocity.runtime.resource.loader.ClasspathResourceLoader
2022-03-03 11:37:02,428 - SimpleLog4JLogSystem initialized using logfile 'velocity.log'
2022-03-03 11:37:02,428 - ************************************************************** 
2022-03-03 11:37:02,429 - Starting Jakarta Velocity v1.4
2022-03-03 11:37:02,429 - RuntimeInstance initializing.
2022-03-03 11:37:02,429 - Default Properties File: org\apache\velocity\runtime\defaults\velocity.properties
2022-03-03 11:37:02,429 - Trying to use logger class org.apache.velocity.runtime.log.SimpleLog4JLogSystem
2022-03-03 11:37:02,429 - Using logger class org.apache.velocity.runtime.log.SimpleLog4JLogSystem
2022-03-03 11:37:02,431 - Default ResourceManager initializing. (class org.apache.velocity.runtime.resource.ResourceManagerImpl)
2022-03-03 11:37:02,432 - Resource Loader Instantiated: org.apache.velocity.runtime.resource.loader.ClasspathResourceLoader
2022-03-03 11:37:02,432 - ClasspathResourceLoader : initialization starting.
2022-03-03 11:37:02,432 - ClasspathResourceLoader : initialization complete.
2022-03-03 11:37:02,433 - ResourceCache : initialized. (class org.apache.velocity.runtime.resource.ResourceCacheImpl)
2022-03-03 11:37:02,433 - Default ResourceManager initialization complete.
2022-03-03 11:37:02,435 - Loaded System Directive: org.apache.velocity.runtime.directive.Literal
2022-03-03 11:37:02,436 - Loaded System Directive: org.apache.velocity.runtime.directive.Macro
2022-03-03 11:37:02,437 - Loaded System Directive: org.apache.velocity.runtime.directive.Parse
2022-03-03 11:37:02,439 - Loaded System Directive: org.apache.velocity.runtime.directive.Include
2022-03-03 11:37:02,440 - Loaded System Directive: org.apache.velocity.runtime.directive.Foreach
2022-03-03 11:37:02,461 - Created: 20 parsers.
2022-03-03 11:37:02,465 - Velocimacro : initialization starting.
2022-03-03 11:37:02,465 - Velocimacro : adding VMs from VM library template : VM_global_library.vm
2022-03-03 11:37:02,467 - ResourceManager : unable to find resource 'VM_global_library.vm' in any resource loader.
2022-03-03 11:37:02,467 - Velocimacro : error using  VM library template VM_global_library.vm : org.apache.velocity.exception.ResourceNotFoundException: Unable to find resource 'VM_global_library.vm'
2022-03-03 11:37:02,467 - Velocimacro :  VM library template macro registration complete.
2022-03-03 11:37:02,467 - Velocimacro : allowInline = true : VMs can be defined inline in templates
2022-03-03 11:37:02,467 - Velocimacro : allowInlineToOverride = false : VMs defined inline may NOT replace previous VM definitions
2022-03-03 11:37:02,467 - Velocimacro : allowInlineLocal = false : VMs defined inline will be  global in scope if allowed.
2022-03-03 11:37:02,467 - Velocimacro : messages on  : VM system will output logging messages
2022-03-03 11:37:02,467 - Velocimacro : autoload off  : VM system will not automatically reload global library macros
2022-03-03 11:37:02,468 - Velocimacro : initialization complete.
2022-03-03 11:37:02,468 - Velocity successfully started.
2022-03-03 11:39:03,998 - ResourceManager : found repast/simphony/parameter/parameters.vt with loader org.apache.velocity.runtime.resource.loader.ClasspathResourceLoader
2022-03-03 11:40:55,298 - ResourceManager : found repast/simphony/parameter/parameters.vt with loader org.apache.velocity.runtime.resource.loader.ClasspathResourceLoader
2022-03-03 11:42:42,173 - SimpleLog4JLogSystem initialized using logfile 'velocity.log'
2022-03-03 11:42:42,173 - ************************************************************** 
2022-03-03 11:42:42,173 - Starting Jakarta Velocity v1.4
2022-03-03 11:42:42,173 - RuntimeInstance initializing.
2022-03-03 11:42:42,173 - Default Properties File: org\apache\velocity\runtime\defaults\velocity.properties
2022-03-03 11:42:42,173 - Trying to use logger class org.apache.velocity.runtime.log.SimpleLog4JLogSystem
2022-03-03 11:42:42,173 - Using logger class org.apache.velocity.runtime.log.SimpleLog4JLogSystem
2022-03-03 11:42:42,175 - Default ResourceManager initializing. (class org.apache.velocity.runtime.resource.ResourceManagerImpl)
2022-03-03 11:42:42,177 - Resource Loader Instantiated: org.apache.velocity.runtime.resource.loader.ClasspathResourceLoader
2022-03-03 11:42:42,177 - ClasspathResourceLoader : initialization starting.
2022-03-03 11:42:42,177 - ClasspathResourceLoader : initialization complete.
2022-03-03 11:42:42,178 - ResourceCache : initialized. (class org.apache.velocity.runtime.resource.ResourceCacheImpl)
2022-03-03 11:42:42,178 - Default ResourceManager initialization complete.
2022-03-03 11:42:42,179 - Loaded System Directive: org.apache.velocity.runtime.directive.Literal
2022-03-03 11:42:42,180 - Loaded System Directive: org.apache.velocity.runtime.directive.Macro
2022-03-03 11:42:42,181 - Loaded System Directive: org.apache.velocity.runtime.directive.Parse
2022-03-03 11:42:42,182 - Loaded System Directive: org.apache.velocity.runtime.directive.Include
2022-03-03 11:42:42,183 - Loaded System Directive: org.apache.velocity.runtime.directive.Foreach
2022-03-03 11:42:42,205 - Created: 20 parsers.
2022-03-03 11:42:42,210 - Velocimacro : initialization starting.
2022-03-03 11:42:42,210 - Velocimacro : adding VMs from VM library template : VM_global_library.vm
2022-03-03 11:42:42,213 - ResourceManager : unable to find resource 'VM_global_library.vm' in any resource loader.
2022-03-03 11:42:42,213 - Velocimacro : error using  VM library template VM_global_library.vm : org.apache.velocity.exception.ResourceNotFoundException: Unable to find resource 'VM_global_library.vm'
2022-03-03 11:42:42,213 - Velocimacro :  VM library template macro registration complete.
2022-03-03 11:42:42,213 - Velocimacro : allowInline = true : VMs can be defined inline in templates
2022-03-03 11:42:42,213 - Velocimacro : allowInlineToOverride = false : VMs defined inline may NOT replace previous VM definitions
2022-03-03 11:42:42,213 - Velocimacro : allowInlineLocal = false : VMs defined inline will be  global in scope if allowed.
2022-03-03 11:42:42,213 - Velocimacro : messages on  : VM system will output logging messages
2022-03-03 11:42:42,213 - Velocimacro : autoload off  : VM system will not automatically reload global library macros
2022-03-03 11:42:42,213 - Velocimacro : initialization complete.
2022-03-03 11:42:42,213 - Velocity successfully started.
2022-03-03 12:17:40,871 - SimpleLog4JLogSystem initialized using logfile 'velocity.log'
2022-03-03 12:17:40,871 - ************************************************************** 
2022-03-03 12:17:40,871 - Starting Jakarta Velocity v1.4
2022-03-03 12:17:40,871 - RuntimeInstance initializing.
2022-03-03 12:17:40,871 - Default Properties File: org\apache\velocity\runtime\defaults\velocity.properties
2022-03-03 12:17:40,871 - Trying to use logger class org.apache.velocity.runtime.log.SimpleLog4JLogSystem
2022-03-03 12:17:40,871 - Using logger class org.apache.velocity.runtime.log.SimpleLog4JLogSystem
2022-03-03 12:17:40,872 - Default ResourceManager initializing. (class org.apache.velocity.runtime.resource.ResourceManagerImpl)
2022-03-03 12:17:40,874 - Resource Loader Instantiated: org.apache.velocity.runtime.resource.loader.ClasspathResourceLoader
2022-03-03 12:17:40,874 - ClasspathResourceLoader : initialization starting.
2022-03-03 12:17:40,874 - ClasspathResourceLoader : initialization complete.
2022-03-03 12:17:40,874 - ResourceCache : initialized. (class org.apache.velocity.runtime.resource.ResourceCacheImpl)
2022-03-03 12:17:40,875 - Default ResourceManager initialization complete.
2022-03-03 12:17:40,875 - Loaded System Directive: org.apache.velocity.runtime.directive.Literal
2022-03-03 12:17:40,876 - Loaded System Directive: org.apache.velocity.runtime.directive.Macro
2022-03-03 12:17:40,878 - Loaded System Directive: org.apache.velocity.runtime.directive.Parse
2022-03-03 12:17:40,878 - Loaded System Directive: org.apache.velocity.runtime.directive.Include
2022-03-03 12:17:40,879 - Loaded System Directive: org.apache.velocity.runtime.directive.Foreach
2022-03-03 12:17:40,895 - Created: 20 parsers.
2022-03-03 12:17:40,899 - Velocimacro : initialization starting.
2022-03-03 12:17:40,899 - Velocimacro : adding VMs from VM library template : VM_global_library.vm
2022-03-03 12:17:40,901 - ResourceManager : unable to find resource 'VM_global_library.vm' in any resource loader.
2022-03-03 12:17:40,901 - Velocimacro : error using  VM library template VM_global_library.vm : org.apache.velocity.exception.ResourceNotFoundException: Unable to find resource 'VM_global_library.vm'
2022-03-03 12:17:40,901 - Velocimacro :  VM library template macro registration complete.
2022-03-03 12:17:40,901 - Velocimacro : allowInline = true : VMs can be defined inline in templates
2022-03-03 12:17:40,901 - Velocimacro : allowInlineToOverride = false : VMs defined inline may NOT replace previous VM definitions
2022-03-03 12:17:40,901 - Velocimacro : allowInlineLocal = false : VMs defined inline will be  global in scope if allowed.
2022-03-03 12:17:40,901 - Velocimacro : messages on  : VM system will output logging messages
2022-03-03 12:17:40,901 - Velocimacro : autoload off  : VM system will not automatically reload global library macros
2022-03-03 12:17:40,901 - Velocimacro : initialization complete.
2022-03-03 12:17:40,901 - Velocity successfully started.
2022-03-03 12:18:40,004 - SimpleLog4JLogSystem initialized using logfile 'velocity.log'
2022-03-03 12:18:40,005 - ************************************************************** 
2022-03-03 12:18:40,005 - Starting Jakarta Velocity v1.4
2022-03-03 12:18:40,005 - RuntimeInstance initializing.
2022-03-03 12:18:40,005 - Default Properties File: org\apache\velocity\runtime\defaults\velocity.properties
2022-03-03 12:18:40,005 - Trying to use logger class org.apache.velocity.runtime.log.SimpleLog4JLogSystem
2022-03-03 12:18:40,005 - Using logger class org.apache.velocity.runtime.log.SimpleLog4JLogSystem
2022-03-03 12:18:40,006 - Default ResourceManager initializing. (class org.apache.velocity.runtime.resource.ResourceManagerImpl)
2022-03-03 12:18:40,008 - Resource Loader Instantiated: org.apache.velocity.runtime.resource.loader.ClasspathResourceLoader
2022-03-03 12:18:40,008 - ClasspathResourceLoader : initialization starting.
2022-03-03 12:18:40,008 - ClasspathResourceLoader : initialization complete.
2022-03-03 12:18:40,008 - ResourceCache : initialized. (class org.apache.velocity.runtime.resource.ResourceCacheImpl)
2022-03-03 12:18:40,008 - Default ResourceManager initialization complete.
2022-03-03 12:18:40,009 - Loaded System Directive: org.apache.velocity.runtime.directive.Literal
2022-03-03 12:18:40,010 - Loaded System Directive: org.apache.velocity.runtime.directive.Macro
2022-03-03 12:18:40,011 - Loaded System Directive: org.apache.velocity.runtime.directive.Parse
2022-03-03 12:18:40,012 - Loaded System Directive: org.apache.velocity.runtime.directive.Include
2022-03-03 12:18:40,013 - Loaded System Directive: org.apache.velocity.runtime.directive.Foreach
2022-03-03 12:18:40,029 - Created: 20 parsers.
2022-03-03 12:18:40,033 - Velocimacro : initialization starting.
2022-03-03 12:18:40,033 - Velocimacro : adding VMs from VM library template : VM_global_library.vm
2022-03-03 12:18:40,034 - ResourceManager : unable to find resource 'VM_global_library.vm' in any resource loader.
2022-03-03 12:18:40,034 - Velocimacro : error using  VM library template VM_global_library.vm : org.apache.velocity.exception.ResourceNotFoundException: Unable to find resource 'VM_global_library.vm'
2022-03-03 12:18:40,034 - Velocimacro :  VM library template macro registration complete.
2022-03-03 12:18:40,034 - Velocimacro : allowInline = true : VMs can be defined inline in templates
2022-03-03 12:18:40,035 - Velocimacro : allowInlineToOverride = false : VMs defined inline may NOT replace previous VM definitions
2022-03-03 12:18:40,035 - Velocimacro : allowInlineLocal = false : VMs defined inline will be  global in scope if allowed.
2022-03-03 12:18:40,035 - Velocimacro : messages on  : VM system will output logging messages
2022-03-03 12:18:40,035 - Velocimacro : autoload off  : VM system will not automatically reload global library macros
2022-03-03 12:18:40,035 - Velocimacro : initialization complete.
2022-03-03 12:18:40,035 - Velocity successfully started.
