2022-03-01 17:13:26,432 - SimpleLog4JLogSystem initialized using logfile 'velocity.log'
2022-03-01 17:13:26,432 - ************************************************************** 
2022-03-01 17:13:26,432 - Starting Jakarta Velocity v1.4
2022-03-01 17:13:26,432 - RuntimeInstance initializing.
2022-03-01 17:13:26,432 - Default Properties File: org/apache/velocity/runtime/defaults/velocity.properties
2022-03-01 17:13:26,432 - Trying to use logger class org.apache.velocity.runtime.log.SimpleLog4JLogSystem
2022-03-01 17:13:26,432 - Using logger class org.apache.velocity.runtime.log.SimpleLog4JLogSystem
2022-03-01 17:13:26,433 - Default ResourceManager initializing. (class org.apache.velocity.runtime.resource.ResourceManagerImpl)
2022-03-01 17:13:26,434 - Resource Loader Instantiated: org.apache.velocity.runtime.resource.loader.ClasspathResourceLoader
2022-03-01 17:13:26,434 - ClasspathResourceLoader : initialization starting.
2022-03-01 17:13:26,434 - ClasspathResourceLoader : initialization complete.
2022-03-01 17:13:26,435 - ResourceCache : initialized. (class org.apache.velocity.runtime.resource.ResourceCacheImpl)
2022-03-01 17:13:26,435 - Default ResourceManager initialization complete.
2022-03-01 17:13:26,436 - Loaded System Directive: org.apache.velocity.runtime.directive.Literal
2022-03-01 17:13:26,436 - Loaded System Directive: org.apache.velocity.runtime.directive.Macro
2022-03-01 17:13:26,437 - Loaded System Directive: org.apache.velocity.runtime.directive.Parse
2022-03-01 17:13:26,439 - Loaded System Directive: org.apache.velocity.runtime.directive.Include
2022-03-01 17:13:26,440 - Loaded System Directive: org.apache.velocity.runtime.directive.Foreach
2022-03-01 17:13:26,458 - Created: 20 parsers.
2022-03-01 17:13:26,460 - Velocimacro : initialization starting.
2022-03-01 17:13:26,460 - Velocimacro : adding VMs from VM library template : VM_global_library.vm
2022-03-01 17:13:26,462 - ResourceManager : unable to find resource 'VM_global_library.vm' in any resource loader.
2022-03-01 17:13:26,462 - Velocimacro : error using  VM library template VM_global_library.vm : org.apache.velocity.exception.ResourceNotFoundException: Unable to find resource 'VM_global_library.vm'
2022-03-01 17:13:26,462 - Velocimacro :  VM library template macro registration complete.
2022-03-01 17:13:26,462 - Velocimacro : allowInline = true : VMs can be defined inline in templates
2022-03-01 17:13:26,462 - Velocimacro : allowInlineToOverride = false : VMs defined inline may NOT replace previous VM definitions
2022-03-01 17:13:26,462 - Velocimacro : allowInlineLocal = false : VMs defined inline will be  global in scope if allowed.
2022-03-01 17:13:26,462 - Velocimacro : messages on  : VM system will output logging messages
2022-03-01 17:13:26,462 - Velocimacro : autoload off  : VM system will not automatically reload global library macros
2022-03-01 17:13:26,462 - Velocimacro : initialization complete.
2022-03-01 17:13:26,462 - Velocity successfully started.
2022-03-01 18:34:12,108 - SimpleLog4JLogSystem initialized using logfile 'velocity.log'
2022-03-01 18:34:12,108 - ************************************************************** 
2022-03-01 18:34:12,108 - Starting Jakarta Velocity v1.4
2022-03-01 18:34:12,108 - RuntimeInstance initializing.
2022-03-01 18:34:12,108 - Default Properties File: org/apache/velocity/runtime/defaults/velocity.properties
2022-03-01 18:34:12,108 - Trying to use logger class org.apache.velocity.runtime.log.SimpleLog4JLogSystem
2022-03-01 18:34:12,109 - Using logger class org.apache.velocity.runtime.log.SimpleLog4JLogSystem
2022-03-01 18:34:12,110 - Default ResourceManager initializing. (class org.apache.velocity.runtime.resource.ResourceManagerImpl)
2022-03-01 18:34:12,111 - Resource Loader Instantiated: org.apache.velocity.runtime.resource.loader.ClasspathResourceLoader
2022-03-01 18:34:12,111 - ClasspathResourceLoader : initialization starting.
2022-03-01 18:34:12,111 - ClasspathResourceLoader : initialization complete.
2022-03-01 18:34:12,112 - ResourceCache : initialized. (class org.apache.velocity.runtime.resource.ResourceCacheImpl)
2022-03-01 18:34:12,112 - Default ResourceManager initialization complete.
2022-03-01 18:34:12,113 - Loaded System Directive: org.apache.velocity.runtime.directive.Literal
2022-03-01 18:34:12,114 - Loaded System Directive: org.apache.velocity.runtime.directive.Macro
2022-03-01 18:34:12,115 - Loaded System Directive: org.apache.velocity.runtime.directive.Parse
2022-03-01 18:34:12,116 - Loaded System Directive: org.apache.velocity.runtime.directive.Include
2022-03-01 18:34:12,116 - Loaded System Directive: org.apache.velocity.runtime.directive.Foreach
2022-03-01 18:34:12,134 - Created: 20 parsers.
2022-03-01 18:34:12,137 - Velocimacro : initialization starting.
2022-03-01 18:34:12,137 - Velocimacro : adding VMs from VM library template : VM_global_library.vm
2022-03-01 18:34:12,138 - ResourceManager : unable to find resource 'VM_global_library.vm' in any resource loader.
2022-03-01 18:34:12,138 - Velocimacro : error using  VM library template VM_global_library.vm : org.apache.velocity.exception.ResourceNotFoundException: Unable to find resource 'VM_global_library.vm'
2022-03-01 18:34:12,138 - Velocimacro :  VM library template macro registration complete.
2022-03-01 18:34:12,139 - Velocimacro : allowInline = true : VMs can be defined inline in templates
2022-03-01 18:34:12,139 - Velocimacro : allowInlineToOverride = false : VMs defined inline may NOT replace previous VM definitions
2022-03-01 18:34:12,139 - Velocimacro : allowInlineLocal = false : VMs defined inline will be  global in scope if allowed.
2022-03-01 18:34:12,139 - Velocimacro : messages on  : VM system will output logging messages
2022-03-01 18:34:12,139 - Velocimacro : autoload off  : VM system will not automatically reload global library macros
2022-03-01 18:34:12,139 - Velocimacro : initialization complete.
2022-03-01 18:34:12,139 - Velocity successfully started.
