INFO  [AWT-EventQueue-0] 2022-03-02 16:44:17,725 repast.simphony.batch.gui.BatchConfigMediator - Writing batch run config file to: /home/isis/ABM_Framework_Comparisons/Repast/eclipse-workspace/Schelling/output/config.props
INFO  [AWT-EventQueue-0] 2022-03-02 16:44:17,757 repast.simphony.batch.gui.BatchConfigMediator - Unrolling batch parameter file:
	/home/isis/ABM_Framework_Comparisons/Repast/eclipse-workspace/Schelling/batch/batch_params.xml to
	/tmp/unrolledParamFile.txt
INFO  [SwingWorker-pool-1-thread-1] 2022-03-02 16:44:25,116 repast.simphony.batch.ssh.LocalSession - 
	Copying locally /tmp/isis_localhost15446625429513610297.zip to 
/tmp/simphony_model_1646235861975 ...
INFO  [SwingWorker-pool-1-thread-1] 2022-03-02 16:44:25,215 repast.simphony.batch.ssh.LocalSession - Copying Finished.
INFO  [SwingWorker-pool-1-thread-1] 2022-03-02 16:44:25,216 repast.simphony.batch.ssh.SessionsDriver - Initialization Time: 0,0540
INFO  [SwingWorker-pool-1-thread-1] 2022-03-02 16:44:25,216 repast.simphony.batch.ssh.LocalSession - Unzipping model /tmp/simphony_model_1646235861975/isis_localhost15446625429513610297.zip
INFO  [SwingWorker-pool-1-thread-1] 2022-03-02 16:44:25,619 repast.simphony.batch.ssh.LocalSession - Running model on localhost ...
INFO  [Thread-0] 2022-03-02 16:44:33,363 repast.simphony.batch.ssh.LocalSession - ERROR [main] 16:44:33,360 repast.simphony.batch.InstanceRunner - Error while running model
INFO  [Thread-0] 2022-03-02 16:44:33,364 repast.simphony.batch.ssh.LocalSession - java.lang.NoClassDefFoundError: org/jogamp/java3d/Node
INFO  [Thread-0] 2022-03-02 16:44:33,364 repast.simphony.batch.ssh.LocalSession - 	at java.base/java.lang.Class.getDeclaredMethods0(Native Method)
INFO  [Thread-0] 2022-03-02 16:44:33,364 repast.simphony.batch.ssh.LocalSession - 	at java.base/java.lang.Class.privateGetDeclaredMethods(Class.java:3166)
INFO  [Thread-0] 2022-03-02 16:44:33,364 repast.simphony.batch.ssh.LocalSession - 	at java.base/java.lang.Class.privateGetPublicMethods(Class.java:3191)
INFO  [Thread-0] 2022-03-02 16:44:33,364 repast.simphony.batch.ssh.LocalSession - 	at java.base/java.lang.Class.getMethods(Class.java:1904)
INFO  [Thread-0] 2022-03-02 16:44:33,364 repast.simphony.batch.ssh.LocalSession - 	at repast.simphony.engine.watcher.WatchAnnotationReader.findWatchAnnotation(WatchAnnotationReader.java:42)
INFO  [Thread-0] 2022-03-02 16:44:33,365 repast.simphony.batch.ssh.LocalSession - 	at repast.simphony.engine.watcher.WatchAnnotationReader.processClass(WatchAnnotationReader.java:30)
INFO  [Thread-0] 2022-03-02 16:44:33,365 repast.simphony.batch.ssh.LocalSession - 	at repast.simphony.engine.watcher.WatchAnnotationReader.processClasses(WatchAnnotationReader.java:36)
INFO  [Thread-0] 2022-03-02 16:44:33,365 repast.simphony.batch.ssh.LocalSession - 	at repast.simphony.scenario.ScenarioLoader.load(ScenarioLoader.java:155)
INFO  [Thread-0] 2022-03-02 16:44:33,365 repast.simphony.batch.ssh.LocalSession - 	at repast.simphony.batch.OneRunBatchRunner.init(OneRunBatchRunner.java:53)
INFO  [Thread-0] 2022-03-02 16:44:33,365 repast.simphony.batch.ssh.LocalSession - 	at repast.simphony.batch.OneRunBatchRunner.<init>(OneRunBatchRunner.java:47)
INFO  [Thread-0] 2022-03-02 16:44:33,365 repast.simphony.batch.ssh.LocalSession - 	at repast.simphony.batch.InstanceRunner.configure(InstanceRunner.java:159)
INFO  [Thread-0] 2022-03-02 16:44:33,365 repast.simphony.batch.ssh.LocalSession - 	at repast.simphony.batch.InstanceRunner.main(InstanceRunner.java:216)
INFO  [Thread-0] 2022-03-02 16:44:33,365 repast.simphony.batch.ssh.LocalSession - Caused by: java.lang.ClassNotFoundException: org.jogamp.java3d.Node
INFO  [Thread-0] 2022-03-02 16:44:33,365 repast.simphony.batch.ssh.LocalSession - 	at java.base/jdk.internal.loader.BuiltinClassLoader.loadClass(BuiltinClassLoader.java:581)
INFO  [Thread-0] 2022-03-02 16:44:33,365 repast.simphony.batch.ssh.LocalSession - 	at java.base/jdk.internal.loader.ClassLoaders$AppClassLoader.loadClass(ClassLoaders.java:178)
INFO  [Thread-0] 2022-03-02 16:44:33,365 repast.simphony.batch.ssh.LocalSession - 	at java.base/java.lang.ClassLoader.loadClass(ClassLoader.java:522)
INFO  [Thread-0] 2022-03-02 16:44:33,365 repast.simphony.batch.ssh.LocalSession - 	... 12 more
INFO  [Thread-0] 2022-03-02 16:44:33,413 repast.simphony.batch.ssh.LocalSession - ERROR [main] 16:44:33,411 repast.simphony.batch.InstanceRunner - Error while running model
INFO  [Thread-0] 2022-03-02 16:44:33,413 repast.simphony.batch.ssh.LocalSession - java.lang.NoClassDefFoundError: org/jogamp/java3d/Node
INFO  [Thread-0] 2022-03-02 16:44:33,413 repast.simphony.batch.ssh.LocalSession - 	at java.base/java.lang.Class.getDeclaredMethods0(Native Method)
INFO  [Thread-0] 2022-03-02 16:44:33,414 repast.simphony.batch.ssh.LocalSession - 	at java.base/java.lang.Class.privateGetDeclaredMethods(Class.java:3166)
INFO  [Thread-0] 2022-03-02 16:44:33,414 repast.simphony.batch.ssh.LocalSession - 	at java.base/java.lang.Class.privateGetPublicMethods(Class.java:3191)
INFO  [Thread-0] 2022-03-02 16:44:33,414 repast.simphony.batch.ssh.LocalSession - 	at java.base/java.lang.Class.getMethods(Class.java:1904)
INFO  [Thread-0] 2022-03-02 16:44:33,414 repast.simphony.batch.ssh.LocalSession - 	at repast.simphony.engine.watcher.WatchAnnotationReader.findWatchAnnotation(WatchAnnotationReader.java:42)
INFO  [Thread-0] 2022-03-02 16:44:33,414 repast.simphony.batch.ssh.LocalSession - 	at repast.simphony.engine.watcher.WatchAnnotationReader.processClass(WatchAnnotationReader.java:30)
INFO  [Thread-0] 2022-03-02 16:44:33,414 repast.simphony.batch.ssh.LocalSession - 	at repast.simphony.engine.watcher.WatchAnnotationReader.processClasses(WatchAnnotationReader.java:36)
INFO  [Thread-0] 2022-03-02 16:44:33,414 repast.simphony.batch.ssh.LocalSession - 	at repast.simphony.scenario.ScenarioLoader.load(ScenarioLoader.java:155)
INFO  [Thread-0] 2022-03-02 16:44:33,414 repast.simphony.batch.ssh.LocalSession - 	at repast.simphony.batch.OneRunBatchRunner.init(OneRunBatchRunner.java:53)
INFO  [Thread-0] 2022-03-02 16:44:33,414 repast.simphony.batch.ssh.LocalSession - 	at repast.simphony.batch.OneRunBatchRunner.<init>(OneRunBatchRunner.java:47)
INFO  [Thread-0] 2022-03-02 16:44:33,414 repast.simphony.batch.ssh.LocalSession - 	at repast.simphony.batch.InstanceRunner.configure(InstanceRunner.java:159)
INFO  [Thread-0] 2022-03-02 16:44:33,414 repast.simphony.batch.ssh.LocalSession - 	at repast.simphony.batch.InstanceRunner.main(InstanceRunner.java:216)
INFO  [Thread-0] 2022-03-02 16:44:33,415 repast.simphony.batch.ssh.LocalSession - Caused by: java.lang.ClassNotFoundException: org.jogamp.java3d.Node
INFO  [Thread-0] 2022-03-02 16:44:33,415 repast.simphony.batch.ssh.LocalSession - 	at java.base/jdk.internal.loader.BuiltinClassLoader.loadClass(BuiltinClassLoader.java:581)
INFO  [Thread-0] 2022-03-02 16:44:33,415 repast.simphony.batch.ssh.LocalSession - 	at java.base/jdk.internal.loader.ClassLoaders$AppClassLoader.loadClass(ClassLoaders.java:178)
INFO  [Thread-0] 2022-03-02 16:44:33,415 repast.simphony.batch.ssh.LocalSession - 	at java.base/java.lang.ClassLoader.loadClass(ClassLoader.java:522)
INFO  [Thread-0] 2022-03-02 16:44:33,415 repast.simphony.batch.ssh.LocalSession - 	... 12 more
INFO  [pool-2-thread-1] 2022-03-02 16:45:25,626 repast.simphony.batch.ssh.LocalDonePoller - Polled /tmp/simphony_model_1646235861975 for DONE:  yes
INFO  [SwingWorker-pool-1-thread-1] 2022-03-02 16:45:25,627 repast.simphony.batch.ssh.SessionsDriver - Run Time: 1,0068
INFO  [SwingWorker-pool-1-thread-1] 2022-03-02 16:45:25,630 repast.simphony.batch.ssh.LocalSession - Finding output on localhost in /tmp/simphony_model_1646235861975
INFO  [SwingWorker-pool-1-thread-1] 2022-03-02 16:45:25,635 repast.simphony.batch.ssh.SessionsDriver - Aggregating output into /home/isis/ABM_Framework_Comparisons/Repast/eclipse-workspace/Schelling/output
INFO  [SwingWorker-pool-1-thread-1] 2022-03-02 16:45:25,635 repast.simphony.batch.ssh.SessionsDriver - Get Output Time: 0,0001
INFO  [SwingWorker-pool-1-thread-1] 2022-03-02 16:45:25,635 repast.simphony.batch.ssh.SessionsDriver - Finished. Elapsed Time: 1,0611
INFO  [AWT-EventQueue-0] 2022-03-02 16:48:27,447 repast.simphony.batch.gui.BatchConfigMediator - Writing batch run config file to: /home/isis/ABM_Framework_Comparisons/Repast/eclipse-workspace/Schelling/output/config.props
INFO  [AWT-EventQueue-0] 2022-03-02 16:48:27,480 repast.simphony.batch.gui.BatchConfigMediator - Unrolling batch parameter file:
	/home/isis/ABM_Framework_Comparisons/Repast/eclipse-workspace/Schelling/batch/batch_params.xml to
	/tmp/unrolledParamFile.txt
INFO  [SwingWorker-pool-1-thread-1] 2022-03-02 16:48:34,585 repast.simphony.batch.ssh.LocalSession - 
	Copying locally /tmp/isis_localhost57159936666629665.zip to 
/tmp/simphony_model_1646236111654 ...
INFO  [SwingWorker-pool-1-thread-1] 2022-03-02 16:48:34,673 repast.simphony.batch.ssh.LocalSession - Copying Finished.
INFO  [SwingWorker-pool-1-thread-1] 2022-03-02 16:48:34,674 repast.simphony.batch.ssh.SessionsDriver - Initialization Time: 0,0503
INFO  [SwingWorker-pool-1-thread-1] 2022-03-02 16:48:34,674 repast.simphony.batch.ssh.LocalSession - Unzipping model /tmp/simphony_model_1646236111654/isis_localhost57159936666629665.zip
INFO  [SwingWorker-pool-1-thread-1] 2022-03-02 16:48:35,295 repast.simphony.batch.ssh.LocalSession - Running model on localhost ...
INFO  [Thread-0] 2022-03-02 16:48:41,756 repast.simphony.batch.ssh.LocalSession - WARNING: An illegal reflective access operation has occurred
INFO  [Thread-0] 2022-03-02 16:48:41,756 repast.simphony.batch.ssh.LocalSession - WARNING: Illegal reflective access by com.thoughtworks.xstream.core.util.Fields (file:/tmp/simphony_model_1646236111654/lib/xstream-1.4.7.jar) to field java.util.TreeMap.comparator
INFO  [Thread-0] 2022-03-02 16:48:41,757 repast.simphony.batch.ssh.LocalSession - WARNING: Please consider reporting this to the maintainers of com.thoughtworks.xstream.core.util.Fields
INFO  [Thread-0] 2022-03-02 16:48:41,757 repast.simphony.batch.ssh.LocalSession - WARNING: Use --illegal-access=warn to enable warnings of further illegal reflective access operations
INFO  [Thread-0] 2022-03-02 16:48:41,757 repast.simphony.batch.ssh.LocalSession - WARNING: All illegal access operations will be denied in a future release
INFO  [Thread-0] 2022-03-02 16:48:42,161 repast.simphony.batch.ssh.LocalSession - WARNING: An illegal reflective access operation has occurred
INFO  [Thread-0] 2022-03-02 16:48:42,161 repast.simphony.batch.ssh.LocalSession - WARNING: Illegal reflective access by com.thoughtworks.xstream.core.util.Fields (file:/tmp/simphony_model_1646236111654/lib/xstream-1.4.7.jar) to field java.util.TreeMap.comparator
INFO  [Thread-0] 2022-03-02 16:48:42,161 repast.simphony.batch.ssh.LocalSession - WARNING: Please consider reporting this to the maintainers of com.thoughtworks.xstream.core.util.Fields
INFO  [Thread-0] 2022-03-02 16:48:42,161 repast.simphony.batch.ssh.LocalSession - WARNING: Use --illegal-access=warn to enable warnings of further illegal reflective access operations
INFO  [Thread-0] 2022-03-02 16:48:42,161 repast.simphony.batch.ssh.LocalSession - WARNING: All illegal access operations will be denied in a future release
INFO  [pool-2-thread-1] 2022-03-02 16:49:35,300 repast.simphony.batch.ssh.LocalDonePoller - Polled /tmp/simphony_model_1646236111654 for DONE:  yes
INFO  [SwingWorker-pool-1-thread-1] 2022-03-02 16:49:35,301 repast.simphony.batch.ssh.SessionsDriver - Run Time: 1,0105
INFO  [SwingWorker-pool-1-thread-1] 2022-03-02 16:49:35,305 repast.simphony.batch.ssh.LocalSession - Finding output on localhost in /tmp/simphony_model_1646236111654
INFO  [SwingWorker-pool-1-thread-1] 2022-03-02 16:49:35,309 repast.simphony.batch.ssh.SessionsDriver - Aggregating output into /home/isis/ABM_Framework_Comparisons/Repast/eclipse-workspace/Schelling/output
INFO  [SwingWorker-pool-1-thread-1] 2022-03-02 16:49:35,310 repast.simphony.batch.ssh.SessionsDriver - Get Output Time: 0,0001
INFO  [SwingWorker-pool-1-thread-1] 2022-03-02 16:49:35,310 repast.simphony.batch.ssh.SessionsDriver - Finished. Elapsed Time: 1,0610
